2016-04-26 15:38:41 - Starting C:\Bitnami\meanstack-3.2.5-0\nodejs\node.exe --harmony "C:\Bitnami\meanstack-3.2.5-0\nodejs\node_modules\node-windows\lib\wrapper.js" -f "C:\Users\mike1793\Foseto\server.js" -l "Foseto Server" -g 0.25 -w 1 -r 3 -a n
2016-04-26 15:38:41 - Started 4392
2016-04-26 15:39:33 - Stopping fosetoserver.exe
2016-04-26 15:39:34 - ProcessKill 4392
2016-04-26 15:39:34 - Finished fosetoserver.exe
2016-04-26 15:40:27 - Starting C:\Bitnami\meanstack-3.2.5-0\nodejs\node.exe --harmony "C:\Bitnami\meanstack-3.2.5-0\nodejs\node_modules\node-windows\lib\wrapper.js" -f "C:\Users\mike1793\Foseto\server.js" -l "Foseto Server" -g 0.25 -w 1 -r 3 -a n
2016-04-26 15:40:27 - Started 3012
2016-04-26 16:14:41 - Stopping fosetoserver.exe
2016-04-26 16:14:41 - ProcessKill 3012
2016-04-26 16:14:41 - Finished fosetoserver.exe
2016-04-26 22:54:05 - Starting C:\Bitnami\meanstack-3.2.5-0\nodejs\node.exe --harmony "C:\Bitnami\meanstack-3.2.5-0\nodejs\node_modules\node-windows\lib\wrapper.js" -f "C:\Users\mike1793\Foseto\server.js" -l "Foseto Server" -g 0.25 -w 1 -r 3 -a n
2016-04-26 22:54:24 - Started 3992
2016-04-26 23:11:14 - Stopping fosetoserver.exe
2016-04-26 23:11:15 - ProcessKill 3992
2016-04-26 23:11:15 - Finished fosetoserver.exe
2016-04-27 10:34:40 - Starting C:\Bitnami\meanstack-3.2.5-0\nodejs\node.exe --harmony "C:\Bitnami\meanstack-3.2.5-0\nodejs\node_modules\node-windows\lib\wrapper.js" -f "C:\Users\mike1793\Foseto\server.js" -l "Foseto Server" -g 0.25 -w 1 -r 3 -a n
2016-04-27 10:34:41 - Started 3104
2016-04-27 10:50:46 - Stopping fosetoserver.exe
2016-04-27 10:50:46 - ProcessKill 3104
2016-04-27 10:50:46 - Finished fosetoserver.exe
2016-05-04 10:23:10 - Starting C:\Bitnami\meanstack-3.2.5-0\nodejs\node.exe --harmony "C:\Bitnami\meanstack-3.2.5-0\nodejs\node_modules\node-windows\lib\wrapper.js" -f "C:\Users\mike1793\Foseto\server.js" -l "Foseto Server" -g 0.25 -w 1 -r 3 -a n
2016-05-04 10:23:18 - Started 4444
2016-05-04 10:52:00 - Stopping fosetoserver.exe
2016-05-04 10:52:00 - ProcessKill 4444
2016-05-04 10:52:00 - Finished fosetoserver.exe
2016-05-04 11:21:25 - Starting C:\Bitnami\meanstack-3.2.5-0\nodejs\node.exe --harmony "C:\Bitnami\meanstack-3.2.5-0\nodejs\node_modules\node-windows\lib\wrapper.js" -f "C:\Users\mike1793\Foseto\server.js" -l "Foseto Server" -g 0.25 -w 1 -r 3 -a n
2016-05-04 11:21:26 - Started 3500
2016-05-04 11:25:16 - Stopping fosetoserver.exe
2016-05-04 11:25:16 - ProcessKill 3500
2016-05-04 11:25:16 - Finished fosetoserver.exe
2016-05-04 11:48:41 - Starting C:\Bitnami\meanstack-3.2.5-0\nodejs\node.exe --harmony "C:\Bitnami\meanstack-3.2.5-0\nodejs\node_modules\node-windows\lib\wrapper.js" -f "C:\Users\mike1793\Foseto\server.js" -l "Foseto Server" -g 0.25 -w 1 -r 3 -a n
2016-05-04 11:48:42 - Started 2768
2016-05-04 12:52:51 - Stopping fosetoserver.exe
2016-05-04 12:52:51 - ProcessKill 2768
2016-05-04 12:52:51 - Finished fosetoserver.exe
2016-05-05 10:13:30 - Starting C:\Bitnami\meanstack-3.2.5-0\nodejs\node.exe --harmony "C:\Bitnami\meanstack-3.2.5-0\nodejs\node_modules\node-windows\lib\wrapper.js" -f "C:\Users\mike1793\Foseto\server.js" -l "Foseto Server" -g 0.25 -w 1 -r 3 -a n
2016-05-05 10:13:31 - Started 2900
2016-05-05 10:15:56 - Stopping fosetoserver.exe
2016-05-05 10:15:56 - ProcessKill 2900
2016-05-05 10:15:56 - Finished fosetoserver.exe
2016-05-06 09:52:36 - Starting C:\Bitnami\meanstack-3.2.5-0\nodejs\node.exe --harmony "C:\Bitnami\meanstack-3.2.5-0\nodejs\node_modules\node-windows\lib\wrapper.js" -f "C:\Users\mike1793\Foseto\server.js" -l "Foseto Server" -g 0.25 -w 1 -r 3 -a n
2016-05-06 09:52:37 - Started 2944
2016-05-06 18:52:24 - Stopping fosetoserver.exe
2016-05-06 18:52:24 - ProcessKill 2944
2016-05-06 18:52:24 - Finished fosetoserver.exe
2016-05-07 09:27:38 - Starting C:\Bitnami\meanstack-3.2.5-0\nodejs\node.exe --harmony "C:\Bitnami\meanstack-3.2.5-0\nodejs\node_modules\node-windows\lib\wrapper.js" -f "C:\Users\mike1793\Foseto\server.js" -l "Foseto Server" -g 0.25 -w 1 -r 3 -a n
2016-05-07 09:27:56 - Started 4048
2016-05-07 09:30:07 - Stopping fosetoserver.exe
2016-05-07 09:30:07 - ProcessKill 4048
2016-05-07 09:30:07 - Finished fosetoserver.exe
2016-05-08 09:55:52 - Starting C:\Bitnami\meanstack-3.2.5-0\nodejs\node.exe --harmony "C:\Bitnami\meanstack-3.2.5-0\nodejs\node_modules\node-windows\lib\wrapper.js" -f "C:\Users\mike1793\Foseto\server.js" -l "Foseto Server" -g 0.25 -w 1 -r 3 -a n
2016-05-08 09:55:53 - Started 3172
2016-05-08 20:08:39 - Stopping fosetoserver.exe
2016-05-08 20:08:39 - ProcessKill 3172
2016-05-08 20:08:39 - Finished fosetoserver.exe
2016-05-09 15:16:41 - Starting C:\Bitnami\meanstack-3.2.5-0\nodejs\node.exe --harmony "C:\Bitnami\meanstack-3.2.5-0\nodejs\node_modules\node-windows\lib\wrapper.js" -f "C:\Users\mike1793\Foseto\server.js" -l "Foseto Server" -g 0.25 -w 1 -r 3 -a n
2016-05-09 15:17:00 - Started 4036
2016-05-12 01:20:43 - Stopping fosetoserver.exe
2016-05-12 01:20:43 - ProcessKill 4036
2016-05-12 01:20:43 - Finished fosetoserver.exe
2016-05-12 08:14:19 - Starting C:\Bitnami\meanstack-3.2.5-0\nodejs\node.exe --harmony "C:\Bitnami\meanstack-3.2.5-0\nodejs\node_modules\node-windows\lib\wrapper.js" -f "C:\Users\mike1793\Foseto\server.js" -l "Foseto Server" -g 0.25 -w 1 -r 3 -a n
2016-05-12 08:14:20 - Started 3332
2016-05-12 09:56:23 - Stopping fosetoserver.exe
2016-05-12 09:56:23 - ProcessKill 3332
2016-05-12 09:56:23 - Finished fosetoserver.exe
2016-05-13 03:35:20 - Starting C:\Bitnami\meanstack-3.2.5-0\nodejs\node.exe --harmony "C:\Bitnami\meanstack-3.2.5-0\nodejs\node_modules\node-windows\lib\wrapper.js" -f "C:\Users\mike1793\Foseto\server.js" -l "Foseto Server" -g 0.25 -w 1 -r 3 -a n
2016-05-13 03:35:21 - Started 3088
2016-05-13 17:37:05 - Stopping fosetoserver.exe
2016-05-13 17:37:05 - ProcessKill 3088
2016-05-13 17:37:05 - Finished fosetoserver.exe
2016-05-13 17:38:06 - Starting C:\Bitnami\meanstack-3.2.5-0\nodejs\node.exe --harmony "C:\Bitnami\meanstack-3.2.5-0\nodejs\node_modules\node-windows\lib\wrapper.js" -f "C:\Users\mike1793\Foseto\server.js" -l "Foseto Server" -g 0.25 -w 1 -r 3 -a n
2016-05-13 17:38:06 - Started 2940
2016-05-13 17:45:12 - Stopping fosetoserver.exe
2016-05-13 17:45:12 - ProcessKill 2940
2016-05-13 17:45:12 - Finished fosetoserver.exe
2016-05-13 19:07:28 - Starting C:\Bitnami\meanstack-3.2.5-0\nodejs\node.exe --harmony "C:\Bitnami\meanstack-3.2.5-0\nodejs\node_modules\node-windows\lib\wrapper.js" -f "C:\Users\mike1793\Foseto\server.js" -l "Foseto Server" -g 0.25 -w 1 -r 3 -a n
2016-05-13 19:07:30 - Started 3376
2016-05-14 01:10:29 - Stopping fosetoserver.exe
2016-05-14 01:10:29 - ProcessKill 3376
2016-05-14 01:10:29 - Finished fosetoserver.exe
2016-05-14 10:32:45 - Starting C:\Bitnami\meanstack-3.2.5-0\nodejs\node.exe --harmony "C:\Bitnami\meanstack-3.2.5-0\nodejs\node_modules\node-windows\lib\wrapper.js" -f "C:\Users\mike1793\Foseto\server.js" -l "Foseto Server" -g 0.25 -w 1 -r 3 -a n
2016-05-14 10:32:46 - Started 2800
2016-05-14 20:22:27 - Stopping fosetoserver.exe
2016-05-14 20:22:27 - ProcessKill 2800
2016-05-14 20:22:27 - Finished fosetoserver.exe
2016-05-16 16:33:49 - Starting C:\Bitnami\meanstack-3.2.5-0\nodejs\node.exe --harmony "C:\Bitnami\meanstack-3.2.5-0\nodejs\node_modules\node-windows\lib\wrapper.js" -f "C:\Users\mike1793\Foseto\server.js" -l "Foseto Server" -g 0.25 -w 1 -r 3 -a n
2016-05-16 16:33:51 - Started 3648
2016-05-16 18:12:38 - Stopping fosetoserver.exe
2016-05-16 18:12:38 - ProcessKill 3648
2016-05-16 18:12:38 - Finished fosetoserver.exe
2016-05-16 19:17:14 - Starting C:\Bitnami\meanstack-3.2.5-0\nodejs\node.exe --harmony "C:\Bitnami\meanstack-3.2.5-0\nodejs\node_modules\node-windows\lib\wrapper.js" -f "C:\Users\mike1793\Foseto\server.js" -l "Foseto Server" -g 0.25 -w 1 -r 3 -a n
2016-05-16 19:17:15 - Started 3384
2016-05-16 19:24:06 - Stopping fosetoserver.exe
2016-05-16 19:24:06 - ProcessKill 3384
2016-05-16 19:24:06 - Finished fosetoserver.exe
2016-05-17 08:41:16 - Starting C:\Bitnami\meanstack-3.2.5-0\nodejs\node.exe --harmony "C:\Bitnami\meanstack-3.2.5-0\nodejs\node_modules\node-windows\lib\wrapper.js" -f "C:\Users\mike1793\Foseto\server.js" -l "Foseto Server" -g 0.25 -w 1 -r 3 -a n
2016-05-17 08:41:17 - Started 3076
2016-05-17 21:41:34 - Starting C:\Bitnami\meanstack-3.2.5-0\nodejs\node.exe --harmony "C:\Bitnami\meanstack-3.2.5-0\nodejs\node_modules\node-windows\lib\wrapper.js" -f "C:\Users\mike1793\Foseto\server.js" -l "Foseto Server" -g 0.25 -w 1 -r 3 -a n
2016-05-17 21:41:35 - Started 3052
2016-05-17 22:00:00 - Stopping fosetoserver.exe
2016-05-17 22:00:00 - ProcessKill 3052
2016-05-17 22:00:00 - Finished fosetoserver.exe
2016-05-18 11:25:20 - Starting C:\Bitnami\meanstack-3.2.5-0\nodejs\node.exe --harmony "C:\Bitnami\meanstack-3.2.5-0\nodejs\node_modules\node-windows\lib\wrapper.js" -f "C:\Users\mike1793\Foseto\server.js" -l "Foseto Server" -g 0.25 -w 1 -r 3 -a n
2016-05-18 11:25:21 - Started 3344
2016-05-18 11:42:14 - Stopping fosetoserver.exe
2016-05-18 11:42:14 - ProcessKill 3344
2016-05-18 11:42:14 - Finished fosetoserver.exe
2016-05-19 10:37:45 - Starting C:\Bitnami\meanstack-3.2.5-0\nodejs\node.exe --harmony "C:\Bitnami\meanstack-3.2.5-0\nodejs\node_modules\node-windows\lib\wrapper.js" -f "C:\Users\mike1793\Foseto\server.js" -l "Foseto Server" -g 0.25 -w 1 -r 3 -a n
2016-05-19 10:37:46 - Started 3356
2016-05-19 10:50:29 - Stopping fosetoserver.exe
2016-05-19 10:50:29 - ProcessKill 3356
2016-05-19 10:50:29 - Finished fosetoserver.exe
2016-05-19 17:08:38 - Starting C:\Bitnami\meanstack-3.2.5-0\nodejs\node.exe --harmony "C:\Bitnami\meanstack-3.2.5-0\nodejs\node_modules\node-windows\lib\wrapper.js" -f "C:\Users\mike1793\Foseto\server.js" -l "Foseto Server" -g 0.25 -w 1 -r 3 -a n
2016-05-19 17:08:40 - Started 3208
2016-05-19 20:29:23 - Stopping fosetoserver.exe
2016-05-19 20:29:23 - ProcessKill 3208
2016-05-19 20:29:23 - Finished fosetoserver.exe
2016-05-19 20:30:16 - Starting C:\Bitnami\meanstack-3.2.5-0\nodejs\node.exe --harmony "C:\Bitnami\meanstack-3.2.5-0\nodejs\node_modules\node-windows\lib\wrapper.js" -f "C:\Users\mike1793\Foseto\server.js" -l "Foseto Server" -g 0.25 -w 1 -r 3 -a n
2016-05-19 20:30:16 - Started 2124
2016-05-19 21:11:28 - Stopping fosetoserver.exe
2016-05-19 21:11:28 - ProcessKill 2124
2016-05-19 21:11:28 - Finished fosetoserver.exe
2016-05-21 08:50:10 - Starting C:\Bitnami\meanstack-3.2.5-0\nodejs\node.exe --harmony "C:\Bitnami\meanstack-3.2.5-0\nodejs\node_modules\node-windows\lib\wrapper.js" -f "C:\Users\mike1793\Foseto\server.js" -l "Foseto Server" -g 0.25 -w 1 -r 3 -a n
2016-05-21 08:50:13 - Started 3564
2016-05-21 18:43:37 - Stopping fosetoserver.exe
2016-05-21 18:43:37 - ProcessKill 3564
2016-05-21 18:43:37 - Finished fosetoserver.exe
2016-05-21 18:45:05 - Starting C:\Bitnami\meanstack-3.2.5-0\nodejs\node.exe --harmony "C:\Bitnami\meanstack-3.2.5-0\nodejs\node_modules\node-windows\lib\wrapper.js" -f "C:\Users\mike1793\Foseto\server.js" -l "Foseto Server" -g 0.25 -w 1 -r 3 -a n
2016-05-21 18:45:05 - Started 3664
2016-05-23 07:56:45 - Stopping fosetoserver.exe
2016-05-23 07:56:45 - ProcessKill 3664
2016-05-23 07:56:45 - Finished fosetoserver.exe
2016-05-23 10:38:11 - Starting C:\Bitnami\meanstack-3.2.5-0\nodejs\node.exe --harmony "C:\Bitnami\meanstack-3.2.5-0\nodejs\node_modules\node-windows\lib\wrapper.js" -f "C:\Users\mike1793\Foseto\server.js" -l "Foseto Server" -g 0.25 -w 1 -r 3 -a n
2016-05-23 10:38:11 - Started 3020
2016-05-23 10:39:18 - Stopping fosetoserver.exe
2016-05-23 10:39:18 - ProcessKill 3020
2016-05-23 10:39:18 - Finished fosetoserver.exe
2016-05-25 07:32:21 - Starting C:\Bitnami\meanstack-3.2.5-0\nodejs\node.exe --harmony "C:\Bitnami\meanstack-3.2.5-0\nodejs\node_modules\node-windows\lib\wrapper.js" -f "C:\Users\mike1793\Foseto\server.js" -l "Foseto Server" -g 0.25 -w 1 -r 3 -a n
2016-05-25 07:32:22 - Started 3408
2016-05-25 08:21:15 - Stopping fosetoserver.exe
2016-05-25 08:21:15 - ProcessKill 3408
2016-05-25 08:21:15 - Finished fosetoserver.exe
