_http_outgoing.js:346
    throw new Error('Can\'t set headers after they are sent.');
    ^

Error: Can't set headers after they are sent.
    at ServerResponse.OutgoingMessage.setHeader (_http_outgoing.js:346:11)
    at ServerResponse.header (C:\Users\mike1793\Foseto\node_modules\express\lib\response.js:718:10)
    at ServerResponse.send (C:\Users\mike1793\Foseto\node_modules\express\lib\response.js:163:12)
    at ServerResponse.json (C:\Users\mike1793\Foseto\node_modules\express\lib\response.js:249:15)
    at C:\Users\mike1793\Foseto\routes\rvasos.js:38:21
    at C:\Users\mike1793\Foseto\node_modules\mongoose\lib\document.js:1837:19
    at handleError (C:\Users\mike1793\Foseto\node_modules\hooks-fixed\hooks.js:40:22)
    at _next (C:\Users\mike1793\Foseto\node_modules\hooks-fixed\hooks.js:46:22)
    at fnWrapper (C:\Users\mike1793\Foseto\node_modules\hooks-fixed\hooks.js:186:18)
    at C:\Users\mike1793\Foseto\node_modules\mongoose\lib\schema.js:193:13
    at complete (C:\Users\mike1793\Foseto\node_modules\mongoose\lib\document.js:1185:7)
    at C:\Users\mike1793\Foseto\node_modules\mongoose\lib\document.js:1216:20
    at ObjectId.SchemaType.doValidate (C:\Users\mike1793\Foseto\node_modules\mongoose\lib\schematype.js:682:12)
    at C:\Users\mike1793\Foseto\node_modules\mongoose\lib\document.js:1212:9
    at _combinedTickCallback (internal/process/next_tick.js:67:7)
    at process._tickCallback (internal/process/next_tick.js:98:9)
_http_outgoing.js:346
    throw new Error('Can\'t set headers after they are sent.');
    ^

Error: Can't set headers after they are sent.
    at ServerResponse.OutgoingMessage.setHeader (_http_outgoing.js:346:11)
    at ServerResponse.header (C:\Users\mike1793\Foseto\node_modules\express\lib\response.js:718:10)
    at ServerResponse.send (C:\Users\mike1793\Foseto\node_modules\express\lib\response.js:163:12)
    at ServerResponse.json (C:\Users\mike1793\Foseto\node_modules\express\lib\response.js:249:15)
    at C:\Users\mike1793\Foseto\routes\rvasos.js:38:21
    at C:\Users\mike1793\Foseto\node_modules\mongoose\lib\document.js:1837:19
    at handleError (C:\Users\mike1793\Foseto\node_modules\hooks-fixed\hooks.js:40:22)
    at _next (C:\Users\mike1793\Foseto\node_modules\hooks-fixed\hooks.js:46:22)
    at fnWrapper (C:\Users\mike1793\Foseto\node_modules\hooks-fixed\hooks.js:186:18)
    at C:\Users\mike1793\Foseto\node_modules\mongoose\lib\schema.js:193:13
    at complete (C:\Users\mike1793\Foseto\node_modules\mongoose\lib\document.js:1185:7)
    at C:\Users\mike1793\Foseto\node_modules\mongoose\lib\document.js:1216:20
    at ObjectId.SchemaType.doValidate (C:\Users\mike1793\Foseto\node_modules\mongoose\lib\schematype.js:682:12)
    at C:\Users\mike1793\Foseto\node_modules\mongoose\lib\document.js:1212:9
    at _combinedTickCallback (internal/process/next_tick.js:67:7)
    at process._tickCallback (internal/process/next_tick.js:98:9)
Unhandled rejection TypeError: Cannot read property 'mangas' of undefined
    at Mangas.find.__v (C:\Users\mike1793\Foseto\routes\restaciones.js:52:64)
    at C:\Users\mike1793\Foseto\routes\restaciones.js:45:42
    at tryCatcher (C:\Users\mike1793\Foseto\node_modules\bluebird\js\main\util.js:26:23)
    at C:\Users\mike1793\Foseto\node_modules\bluebird\js\main\method.js:15:34
    at C:\Users\mike1793\Foseto\routes\restaciones.js:51:33
    at newTickHandler (C:\Users\mike1793\Foseto\node_modules\mpromise\lib\promise.js:234:18)
    at _combinedTickCallback (internal/process/next_tick.js:67:7)
    at process._tickCallback (internal/process/next_tick.js:98:9)
Unhandled rejection TypeError: Cannot read property 'mangas' of undefined
    at Mangas.find.__v (C:\Users\mike1793\Foseto\routes\restaciones.js:52:64)
    at C:\Users\mike1793\Foseto\routes\restaciones.js:45:42
    at tryCatcher (C:\Users\mike1793\Foseto\node_modules\bluebird\js\main\util.js:26:23)
    at C:\Users\mike1793\Foseto\node_modules\bluebird\js\main\method.js:15:34
    at C:\Users\mike1793\Foseto\routes\restaciones.js:51:33
    at newTickHandler (C:\Users\mike1793\Foseto\node_modules\mpromise\lib\promise.js:234:18)
    at _combinedTickCallback (internal/process/next_tick.js:67:7)
    at process._tickCallback (internal/process/next_tick.js:98:9)
Unhandled rejection TypeError: Cannot read property 'mangas' of undefined
    at Mangas.find.__v (C:\Users\mike1793\Foseto\routes\restaciones.js:52:64)
    at C:\Users\mike1793\Foseto\routes\restaciones.js:45:42
    at tryCatcher (C:\Users\mike1793\Foseto\node_modules\bluebird\js\main\util.js:26:23)
    at C:\Users\mike1793\Foseto\node_modules\bluebird\js\main\method.js:15:34
    at C:\Users\mike1793\Foseto\routes\restaciones.js:51:33
    at newTickHandler (C:\Users\mike1793\Foseto\node_modules\mpromise\lib\promise.js:234:18)
    at _combinedTickCallback (internal/process/next_tick.js:67:7)
    at process._tickCallback (internal/process/next_tick.js:98:9)
Unhandled rejection TypeError: Cannot read property 'mangas' of undefined
    at Mangas.find.__v (C:\Users\mike1793\Foseto\routes\restaciones.js:52:64)
    at C:\Users\mike1793\Foseto\routes\restaciones.js:45:42
    at tryCatcher (C:\Users\mike1793\Foseto\node_modules\bluebird\js\main\util.js:26:23)
    at C:\Users\mike1793\Foseto\node_modules\bluebird\js\main\method.js:15:34
    at C:\Users\mike1793\Foseto\routes\restaciones.js:51:33
    at newTickHandler (C:\Users\mike1793\Foseto\node_modules\mpromise\lib\promise.js:234:18)
    at _combinedTickCallback (internal/process/next_tick.js:67:7)
    at process._tickCallback (internal/process/next_tick.js:98:9)
Unhandled rejection TypeError: Cannot read property 'mangas' of undefined
    at Mangas.find.__v (C:\Users\mike1793\Foseto\routes\restaciones.js:52:64)
    at C:\Users\mike1793\Foseto\routes\restaciones.js:45:42
    at tryCatcher (C:\Users\mike1793\Foseto\node_modules\bluebird\js\main\util.js:26:23)
    at C:\Users\mike1793\Foseto\node_modules\bluebird\js\main\method.js:15:34
    at C:\Users\mike1793\Foseto\routes\restaciones.js:51:33
    at newTickHandler (C:\Users\mike1793\Foseto\node_modules\mpromise\lib\promise.js:234:18)
    at _combinedTickCallback (internal/process/next_tick.js:67:7)
    at process._tickCallback (internal/process/next_tick.js:98:9)
Unhandled rejection TypeError: Cannot read property 'mangas' of undefined
    at Mangas.find.__v (C:\Users\mike1793\Foseto\routes\restaciones.js:52:64)
    at C:\Users\mike1793\Foseto\routes\restaciones.js:45:42
    at tryCatcher (C:\Users\mike1793\Foseto\node_modules\bluebird\js\main\util.js:26:23)
    at C:\Users\mike1793\Foseto\node_modules\bluebird\js\main\method.js:15:34
    at C:\Users\mike1793\Foseto\routes\restaciones.js:51:33
    at newTickHandler (C:\Users\mike1793\Foseto\node_modules\mpromise\lib\promise.js:234:18)
    at _combinedTickCallback (internal/process/next_tick.js:67:7)
    at process._tickCallback (internal/process/next_tick.js:98:9)
Unhandled rejection TypeError: Cannot read property 'mangas' of undefined
    at Mangas.find.__v (C:\Users\mike1793\Foseto\routes\restaciones.js:52:64)
    at C:\Users\mike1793\Foseto\routes\restaciones.js:45:42
    at tryCatcher (C:\Users\mike1793\Foseto\node_modules\bluebird\js\main\util.js:26:23)
    at C:\Users\mike1793\Foseto\node_modules\bluebird\js\main\method.js:15:34
    at C:\Users\mike1793\Foseto\routes\restaciones.js:51:33
    at newTickHandler (C:\Users\mike1793\Foseto\node_modules\mpromise\lib\promise.js:234:18)
    at _combinedTickCallback (internal/process/next_tick.js:67:7)
    at process._tickCallback (internal/process/next_tick.js:98:9)
Unhandled rejection TypeError: Cannot read property 'mangas' of undefined
    at Mangas.find.__v (C:\Users\mike1793\Foseto\routes\restaciones.js:52:64)
    at C:\Users\mike1793\Foseto\routes\restaciones.js:45:42
    at tryCatcher (C:\Users\mike1793\Foseto\node_modules\bluebird\js\main\util.js:26:23)
    at C:\Users\mike1793\Foseto\node_modules\bluebird\js\main\method.js:15:34
    at C:\Users\mike1793\Foseto\routes\restaciones.js:51:33
    at newTickHandler (C:\Users\mike1793\Foseto\node_modules\mpromise\lib\promise.js:234:18)
    at _combinedTickCallback (internal/process/next_tick.js:67:7)
    at process._tickCallback (internal/process/next_tick.js:98:9)
Unhandled rejection TypeError: Cannot read property 'mangas' of undefined
    at Mangas.find.__v (C:\Users\mike1793\Foseto\routes\restaciones.js:52:64)
    at C:\Users\mike1793\Foseto\routes\restaciones.js:45:42
    at tryCatcher (C:\Users\mike1793\Foseto\node_modules\bluebird\js\main\util.js:26:23)
    at C:\Users\mike1793\Foseto\node_modules\bluebird\js\main\method.js:15:34
    at C:\Users\mike1793\Foseto\routes\restaciones.js:51:33
    at newTickHandler (C:\Users\mike1793\Foseto\node_modules\mpromise\lib\promise.js:234:18)
    at _combinedTickCallback (internal/process/next_tick.js:67:7)
    at process._tickCallback (internal/process/next_tick.js:98:9)
Unhandled rejection TypeError: Cannot read property 'mangas' of undefined
    at Mangas.find.__v (C:\Users\mike1793\Foseto\routes\restaciones.js:52:64)
    at C:\Users\mike1793\Foseto\routes\restaciones.js:45:42
    at tryCatcher (C:\Users\mike1793\Foseto\node_modules\bluebird\js\main\util.js:26:23)
    at C:\Users\mike1793\Foseto\node_modules\bluebird\js\main\method.js:15:34
    at C:\Users\mike1793\Foseto\routes\restaciones.js:51:33
    at newTickHandler (C:\Users\mike1793\Foseto\node_modules\mpromise\lib\promise.js:234:18)
    at _combinedTickCallback (internal/process/next_tick.js:67:7)
    at process._tickCallback (internal/process/next_tick.js:98:9)
Unhandled rejection TypeError: Cannot read property 'mangas' of undefined
    at Mangas.find.__v (C:\Users\mike1793\Foseto\routes\restaciones.js:52:64)
    at C:\Users\mike1793\Foseto\routes\restaciones.js:45:42
    at tryCatcher (C:\Users\mike1793\Foseto\node_modules\bluebird\js\main\util.js:26:23)
    at C:\Users\mike1793\Foseto\node_modules\bluebird\js\main\method.js:15:34
    at C:\Users\mike1793\Foseto\routes\restaciones.js:51:33
    at newTickHandler (C:\Users\mike1793\Foseto\node_modules\mpromise\lib\promise.js:234:18)
    at _combinedTickCallback (internal/process/next_tick.js:67:7)
    at process._tickCallback (internal/process/next_tick.js:98:9)
Unhandled rejection TypeError: Cannot read property 'mangas' of undefined
    at Mangas.find.__v (C:\Users\mike1793\Foseto\routes\restaciones.js:52:64)
    at C:\Users\mike1793\Foseto\routes\restaciones.js:45:42
    at tryCatcher (C:\Users\mike1793\Foseto\node_modules\bluebird\js\main\util.js:26:23)
    at C:\Users\mike1793\Foseto\node_modules\bluebird\js\main\method.js:15:34
    at C:\Users\mike1793\Foseto\routes\restaciones.js:51:33
    at newTickHandler (C:\Users\mike1793\Foseto\node_modules\mpromise\lib\promise.js:234:18)
    at _combinedTickCallback (internal/process/next_tick.js:67:7)
    at process._tickCallback (internal/process/next_tick.js:98:9)
Unhandled rejection TypeError: Cannot read property 'mangas' of undefined
    at Mangas.find.__v (C:\Users\mike1793\Foseto\routes\restaciones.js:52:64)
    at C:\Users\mike1793\Foseto\routes\restaciones.js:45:42
    at tryCatcher (C:\Users\mike1793\Foseto\node_modules\bluebird\js\main\util.js:26:23)
    at C:\Users\mike1793\Foseto\node_modules\bluebird\js\main\method.js:15:34
    at C:\Users\mike1793\Foseto\routes\restaciones.js:51:33
    at newTickHandler (C:\Users\mike1793\Foseto\node_modules\mpromise\lib\promise.js:234:18)
    at _combinedTickCallback (internal/process/next_tick.js:67:7)
    at process._tickCallback (internal/process/next_tick.js:98:9)
Unhandled rejection TypeError: Cannot read property 'mangas' of undefined
    at Mangas.find.__v (C:\Users\mike1793\Foseto\routes\restaciones.js:52:64)
    at C:\Users\mike1793\Foseto\routes\restaciones.js:45:42
    at tryCatcher (C:\Users\mike1793\Foseto\node_modules\bluebird\js\main\util.js:26:23)
    at C:\Users\mike1793\Foseto\node_modules\bluebird\js\main\method.js:15:34
    at C:\Users\mike1793\Foseto\routes\restaciones.js:51:33
    at newTickHandler (C:\Users\mike1793\Foseto\node_modules\mpromise\lib\promise.js:234:18)
    at _combinedTickCallback (internal/process/next_tick.js:67:7)
    at process._tickCallback (internal/process/next_tick.js:98:9)
Unhandled rejection TypeError: Cannot read property 'mangas' of undefined
    at Mangas.find.__v (C:\Users\mike1793\Foseto\routes\restaciones.js:52:64)
    at C:\Users\mike1793\Foseto\routes\restaciones.js:45:42
    at tryCatcher (C:\Users\mike1793\Foseto\node_modules\bluebird\js\main\util.js:26:23)
    at C:\Users\mike1793\Foseto\node_modules\bluebird\js\main\method.js:15:34
    at C:\Users\mike1793\Foseto\routes\restaciones.js:51:33
    at newTickHandler (C:\Users\mike1793\Foseto\node_modules\mpromise\lib\promise.js:234:18)
    at _combinedTickCallback (internal/process/next_tick.js:67:7)
    at process._tickCallback (internal/process/next_tick.js:98:9)
Unhandled rejection TypeError: Cannot read property 'mangas' of undefined
    at Mangas.find.__v (C:\Users\mike1793\Foseto\routes\restaciones.js:52:64)
    at C:\Users\mike1793\Foseto\routes\restaciones.js:45:42
    at tryCatcher (C:\Users\mike1793\Foseto\node_modules\bluebird\js\main\util.js:26:23)
    at C:\Users\mike1793\Foseto\node_modules\bluebird\js\main\method.js:15:34
    at C:\Users\mike1793\Foseto\routes\restaciones.js:51:33
    at newTickHandler (C:\Users\mike1793\Foseto\node_modules\mpromise\lib\promise.js:234:18)
    at _combinedTickCallback (internal/process/next_tick.js:67:7)
    at process._tickCallback (internal/process/next_tick.js:98:9)
Unhandled rejection TypeError: Cannot read property 'mangas' of undefined
    at Mangas.find.__v (C:\Users\mike1793\Foseto\routes\restaciones.js:52:64)
    at C:\Users\mike1793\Foseto\routes\restaciones.js:45:42
    at tryCatcher (C:\Users\mike1793\Foseto\node_modules\bluebird\js\main\util.js:26:23)
    at C:\Users\mike1793\Foseto\node_modules\bluebird\js\main\method.js:15:34
    at C:\Users\mike1793\Foseto\routes\restaciones.js:51:33
    at newTickHandler (C:\Users\mike1793\Foseto\node_modules\mpromise\lib\promise.js:234:18)
    at _combinedTickCallback (internal/process/next_tick.js:67:7)
    at process._tickCallback (internal/process/next_tick.js:98:9)
Unhandled rejection TypeError: Cannot read property 'mangas' of undefined
    at Mangas.find.__v (C:\Users\mike1793\Foseto\routes\restaciones.js:52:64)
    at C:\Users\mike1793\Foseto\routes\restaciones.js:45:42
    at tryCatcher (C:\Users\mike1793\Foseto\node_modules\bluebird\js\main\util.js:26:23)
    at C:\Users\mike1793\Foseto\node_modules\bluebird\js\main\method.js:15:34
    at C:\Users\mike1793\Foseto\routes\restaciones.js:51:33
    at newTickHandler (C:\Users\mike1793\Foseto\node_modules\mpromise\lib\promise.js:234:18)
    at _combinedTickCallback (internal/process/next_tick.js:67:7)
    at process._tickCallback (internal/process/next_tick.js:98:9)
Unhandled rejection TypeError: Cannot read property 'mangas' of undefined
    at Mangas.find.__v (C:\Users\mike1793\Foseto\routes\restaciones.js:52:64)
    at C:\Users\mike1793\Foseto\routes\restaciones.js:45:42
    at tryCatcher (C:\Users\mike1793\Foseto\node_modules\bluebird\js\main\util.js:26:23)
    at C:\Users\mike1793\Foseto\node_modules\bluebird\js\main\method.js:15:34
    at C:\Users\mike1793\Foseto\routes\restaciones.js:51:33
    at newTickHandler (C:\Users\mike1793\Foseto\node_modules\mpromise\lib\promise.js:234:18)
    at _combinedTickCallback (internal/process/next_tick.js:67:7)
    at process._tickCallback (internal/process/next_tick.js:98:9)
Unhandled rejection TypeError: Cannot read property 'mangas' of undefined
    at Mangas.find.__v (C:\Users\mike1793\Foseto\routes\restaciones.js:52:64)
    at C:\Users\mike1793\Foseto\routes\restaciones.js:45:42
    at tryCatcher (C:\Users\mike1793\Foseto\node_modules\bluebird\js\main\util.js:26:23)
    at C:\Users\mike1793\Foseto\node_modules\bluebird\js\main\method.js:15:34
    at C:\Users\mike1793\Foseto\routes\restaciones.js:51:33
    at newTickHandler (C:\Users\mike1793\Foseto\node_modules\mpromise\lib\promise.js:234:18)
    at _combinedTickCallback (internal/process/next_tick.js:67:7)
    at process._tickCallback (internal/process/next_tick.js:98:9)
Unhandled rejection TypeError: Cannot read property 'mangas' of undefined
    at Mangas.find.__v (C:\Users\mike1793\Foseto\routes\restaciones.js:52:64)
    at C:\Users\mike1793\Foseto\routes\restaciones.js:45:42
    at tryCatcher (C:\Users\mike1793\Foseto\node_modules\bluebird\js\main\util.js:26:23)
    at C:\Users\mike1793\Foseto\node_modules\bluebird\js\main\method.js:15:34
    at C:\Users\mike1793\Foseto\routes\restaciones.js:51:33
    at newTickHandler (C:\Users\mike1793\Foseto\node_modules\mpromise\lib\promise.js:234:18)
    at _combinedTickCallback (internal/process/next_tick.js:67:7)
    at process._tickCallback (internal/process/next_tick.js:98:9)
Unhandled rejection TypeError: Cannot read property 'mangas' of undefined
    at Mangas.find.__v (C:\Users\mike1793\Foseto\routes\restaciones.js:52:64)
    at C:\Users\mike1793\Foseto\routes\restaciones.js:45:42
    at tryCatcher (C:\Users\mike1793\Foseto\node_modules\bluebird\js\main\util.js:26:23)
    at C:\Users\mike1793\Foseto\node_modules\bluebird\js\main\method.js:15:34
    at C:\Users\mike1793\Foseto\routes\restaciones.js:51:33
    at newTickHandler (C:\Users\mike1793\Foseto\node_modules\mpromise\lib\promise.js:234:18)
    at _combinedTickCallback (internal/process/next_tick.js:67:7)
    at process._tickCallback (internal/process/next_tick.js:98:9)
Unhandled rejection TypeError: Cannot read property 'mangas' of undefined
    at Mangas.find.__v (C:\Users\mike1793\Foseto\routes\restaciones.js:52:64)
    at C:\Users\mike1793\Foseto\routes\restaciones.js:45:42
    at tryCatcher (C:\Users\mike1793\Foseto\node_modules\bluebird\js\main\util.js:26:23)
    at C:\Users\mike1793\Foseto\node_modules\bluebird\js\main\method.js:15:34
    at C:\Users\mike1793\Foseto\routes\restaciones.js:51:33
    at newTickHandler (C:\Users\mike1793\Foseto\node_modules\mpromise\lib\promise.js:234:18)
    at _combinedTickCallback (internal/process/next_tick.js:67:7)
    at process._tickCallback (internal/process/next_tick.js:98:9)
Unhandled rejection TypeError: Cannot read property 'mangas' of undefined
    at Mangas.find.__v (C:\Users\mike1793\Foseto\routes\restaciones.js:52:64)
    at C:\Users\mike1793\Foseto\routes\restaciones.js:45:42
    at tryCatcher (C:\Users\mike1793\Foseto\node_modules\bluebird\js\main\util.js:26:23)
    at C:\Users\mike1793\Foseto\node_modules\bluebird\js\main\method.js:15:34
    at C:\Users\mike1793\Foseto\routes\restaciones.js:51:33
    at newTickHandler (C:\Users\mike1793\Foseto\node_modules\mpromise\lib\promise.js:234:18)
    at _combinedTickCallback (internal/process/next_tick.js:67:7)
    at process._tickCallback (internal/process/next_tick.js:98:9)
Unhandled rejection TypeError: Cannot read property 'mangas' of undefined
    at Mangas.find.__v (C:\Users\mike1793\Foseto\routes\restaciones.js:52:64)
    at C:\Users\mike1793\Foseto\routes\restaciones.js:45:42
    at tryCatcher (C:\Users\mike1793\Foseto\node_modules\bluebird\js\main\util.js:26:23)
    at C:\Users\mike1793\Foseto\node_modules\bluebird\js\main\method.js:15:34
    at C:\Users\mike1793\Foseto\routes\restaciones.js:51:33
    at newTickHandler (C:\Users\mike1793\Foseto\node_modules\mpromise\lib\promise.js:234:18)
    at _combinedTickCallback (internal/process/next_tick.js:67:7)
    at process._tickCallback (internal/process/next_tick.js:98:9)
Unhandled rejection TypeError: Cannot read property 'mangas' of undefined
    at Mangas.find.__v (C:\Users\mike1793\Foseto\routes\restaciones.js:52:64)
    at C:\Users\mike1793\Foseto\routes\restaciones.js:45:42
    at tryCatcher (C:\Users\mike1793\Foseto\node_modules\bluebird\js\main\util.js:26:23)
    at C:\Users\mike1793\Foseto\node_modules\bluebird\js\main\method.js:15:34
    at C:\Users\mike1793\Foseto\routes\restaciones.js:51:33
    at newTickHandler (C:\Users\mike1793\Foseto\node_modules\mpromise\lib\promise.js:234:18)
    at _combinedTickCallback (internal/process/next_tick.js:67:7)
    at process._tickCallback (internal/process/next_tick.js:98:9)
Unhandled rejection TypeError: Cannot read property 'mangas' of undefined
    at Mangas.find.__v (C:\Users\mike1793\Foseto\routes\restaciones.js:52:64)
    at C:\Users\mike1793\Foseto\routes\restaciones.js:45:42
    at tryCatcher (C:\Users\mike1793\Foseto\node_modules\bluebird\js\main\util.js:26:23)
    at C:\Users\mike1793\Foseto\node_modules\bluebird\js\main\method.js:15:34
    at C:\Users\mike1793\Foseto\routes\restaciones.js:51:33
    at newTickHandler (C:\Users\mike1793\Foseto\node_modules\mpromise\lib\promise.js:234:18)
    at _combinedTickCallback (internal/process/next_tick.js:67:7)
    at process._tickCallback (internal/process/next_tick.js:98:9)
Unhandled rejection TypeError: Cannot read property 'mangas' of undefined
    at Mangas.find.__v (C:\Users\mike1793\Foseto\routes\restaciones.js:52:64)
    at C:\Users\mike1793\Foseto\routes\restaciones.js:45:42
    at tryCatcher (C:\Users\mike1793\Foseto\node_modules\bluebird\js\main\util.js:26:23)
    at C:\Users\mike1793\Foseto\node_modules\bluebird\js\main\method.js:15:34
    at C:\Users\mike1793\Foseto\routes\restaciones.js:51:33
    at newTickHandler (C:\Users\mike1793\Foseto\node_modules\mpromise\lib\promise.js:234:18)
    at _combinedTickCallback (internal/process/next_tick.js:67:7)
    at process._tickCallback (internal/process/next_tick.js:98:9)
Unhandled rejection TypeError: Cannot read property 'producto' of null
    at C:\Users\mike1793\Foseto\routes\restaciones.js:53:58
    at newTickHandler (C:\Users\mike1793\Foseto\node_modules\mpromise\lib\promise.js:234:18)
    at _combinedTickCallback (internal/process/next_tick.js:67:7)
    at process._tickCallback (internal/process/next_tick.js:98:9)
Unhandled rejection TypeError: Cannot read property 'producto' of null
    at C:\Users\mike1793\Foseto\routes\restaciones.js:53:58
    at newTickHandler (C:\Users\mike1793\Foseto\node_modules\mpromise\lib\promise.js:234:18)
    at _combinedTickCallback (internal/process/next_tick.js:67:7)
    at process._tickCallback (internal/process/next_tick.js:98:9)
Unhandled rejection TypeError: Cannot read property 'producto' of null
    at C:\Users\mike1793\Foseto\routes\restaciones.js:53:58
    at newTickHandler (C:\Users\mike1793\Foseto\node_modules\mpromise\lib\promise.js:234:18)
    at _combinedTickCallback (internal/process/next_tick.js:67:7)
    at process._tickCallback (internal/process/next_tick.js:98:9)
Unhandled rejection TypeError: Cannot read property 'producto' of null
    at C:\Users\mike1793\Foseto\routes\restaciones.js:53:58
    at newTickHandler (C:\Users\mike1793\Foseto\node_modules\mpromise\lib\promise.js:234:18)
    at _combinedTickCallback (internal/process/next_tick.js:67:7)
    at process._tickCallback (internal/process/next_tick.js:98:9)
Unhandled rejection TypeError: Cannot read property 'producto' of null
    at C:\Users\mike1793\Foseto\routes\restaciones.js:53:58
    at newTickHandler (C:\Users\mike1793\Foseto\node_modules\mpromise\lib\promise.js:234:18)
    at _combinedTickCallback (internal/process/next_tick.js:67:7)
    at process._tickCallback (internal/process/next_tick.js:98:9)
Unhandled rejection TypeError: Cannot read property 'producto' of null
    at C:\Users\mike1793\Foseto\routes\restaciones.js:53:58
    at newTickHandler (C:\Users\mike1793\Foseto\node_modules\mpromise\lib\promise.js:234:18)
    at _combinedTickCallback (internal/process/next_tick.js:67:7)
    at process._tickCallback (internal/process/next_tick.js:98:9)
Unhandled rejection TypeError: Cannot read property 'producto' of null
    at C:\Users\mike1793\Foseto\routes\restaciones.js:53:58
    at newTickHandler (C:\Users\mike1793\Foseto\node_modules\mpromise\lib\promise.js:234:18)
    at _combinedTickCallback (internal/process/next_tick.js:67:7)
    at process._tickCallback (internal/process/next_tick.js:98:9)
Unhandled rejection TypeError: Cannot read property 'producto' of null
    at C:\Users\mike1793\Foseto\routes\restaciones.js:53:58
    at newTickHandler (C:\Users\mike1793\Foseto\node_modules\mpromise\lib\promise.js:234:18)
    at _combinedTickCallback (internal/process/next_tick.js:67:7)
    at process._tickCallback (internal/process/next_tick.js:98:9)
Unhandled rejection TypeError: Cannot read property 'producto' of null
    at C:\Users\mike1793\Foseto\routes\restaciones.js:53:58
    at newTickHandler (C:\Users\mike1793\Foseto\node_modules\mpromise\lib\promise.js:234:18)
    at _combinedTickCallback (internal/process/next_tick.js:67:7)
    at process._tickCallback (internal/process/next_tick.js:98:9)
Unhandled rejection TypeError: Cannot read property 'producto' of null
    at C:\Users\mike1793\Foseto\routes\restaciones.js:53:58
    at newTickHandler (C:\Users\mike1793\Foseto\node_modules\mpromise\lib\promise.js:234:18)
    at _combinedTickCallback (internal/process/next_tick.js:67:7)
    at process._tickCallback (internal/process/next_tick.js:98:9)
