SERVER listening on port: 8080
Connected to the Database
Request Received:  4/26/2016 15:39:10
GET Usuarios
SERVER listening on port: 8080
{ [MongoError: server winvisual-mongo.eastus.cloudapp.azure.com:27017 received an error {"name":"MongoError","message":"read ECONNRESET"}]
  name: 'MongoError',
  message: 'server winvisual-mongo.eastus.cloudapp.azure.com:27017 received an error {"name":"MongoError","message":"read ECONNRESET"}' }
Connected to the Database
Request Received:  4/26/2016 15:41:23
GET Usuarios
Request Received:  4/26/2016 15:41:27
Request Received:  4/26/2016 15:41:27
Request Received:  4/26/2016 15:41:27
Request Received:  4/26/2016 15:41:27
Request Received:  4/26/2016 15:41:27
Request Received:  4/26/2016 15:41:27
Request Received:  4/26/2016 15:41:27
Request Received:  4/26/2016 15:41:27
Request Received:  4/26/2016 15:41:27
GET Vasos
Request Received:  4/26/2016 15:41:34
Request Received:  4/26/2016 15:41:34
Request Received:  4/26/2016 15:41:34
Request Received:  4/26/2016 15:41:34
Request Received:  4/26/2016 15:41:34
Request Received:  4/26/2016 15:41:34
Request Received:  4/26/2016 15:41:34
GET Productos
Request Received:  4/26/2016 16:1:29
GET Usuarios
Request Received:  4/26/2016 16:1:30
Request Received:  4/26/2016 16:1:30
Request Received:  4/26/2016 16:1:30
Request Received:  4/26/2016 16:1:30
Request Received:  4/26/2016 16:1:30
Request Received:  4/26/2016 16:1:30
Request Received:  4/26/2016 16:1:30
Request Received:  4/26/2016 16:1:30
Request Received:  4/26/2016 16:1:30
[0mGET /favicon.ico [33m404 [0m2214.675 ms - 1249[0m
Request Received:  4/26/2016 16:1:32
Request Received:  4/26/2016 16:1:32
Request Received:  4/26/2016 16:1:32
Request Received:  4/26/2016 16:1:32
Request Received:  4/26/2016 16:1:32
Request Received:  4/26/2016 16:1:32
Request Received:  4/26/2016 16:1:32
Request Received:  4/26/2016 16:1:32
Request Received:  4/26/2016 16:1:32
[0mGET /favicon.ico [33m404 [0m38.681 ms - 1249[0m
Request Received:  4/26/2016 16:9:21
Request Received:  4/26/2016 16:9:21
Request Received:  4/26/2016 16:9:21
Request Received:  4/26/2016 16:9:21
Request Received:  4/26/2016 16:9:21
Request Received:  4/26/2016 16:9:21
Request Received:  4/26/2016 16:9:21
Request Received:  4/26/2016 16:9:21
Request Received:  4/26/2016 16:9:21
GET Vasos
Request Received:  4/26/2016 16:11:38
Request Received:  4/26/2016 16:11:38
Request Received:  4/26/2016 16:11:38
Request Received:  4/26/2016 16:11:38
Request Received:  4/26/2016 16:11:38
Request Received:  4/26/2016 16:11:38
Request Received:  4/26/2016 16:11:38
Request Received:  4/26/2016 16:11:38
Request Received:  4/26/2016 16:11:38
POST Vasos
SERVER listening on port: 8080
Connected to the Database
Request Received:  4/26/2016 16:11:45
Request Received:  4/26/2016 16:11:45
Request Received:  4/26/2016 16:11:45
Request Received:  4/26/2016 16:11:45
Request Received:  4/26/2016 16:11:45
Request Received:  4/26/2016 16:11:45
Request Received:  4/26/2016 16:11:45
Request Received:  4/26/2016 16:11:45
Request Received:  4/26/2016 16:11:45
GET Vasos
Request Received:  4/26/2016 16:11:49
Request Received:  4/26/2016 16:11:49
Request Received:  4/26/2016 16:11:49
Request Received:  4/26/2016 16:11:49
Request Received:  4/26/2016 16:11:49
Request Received:  4/26/2016 16:11:49
Request Received:  4/26/2016 16:11:49
Request Received:  4/26/2016 16:11:49
Request Received:  4/26/2016 16:11:49
GET Vasos
Request Received:  4/26/2016 16:12:15
Request Received:  4/26/2016 16:12:15
Request Received:  4/26/2016 16:12:15
Request Received:  4/26/2016 16:12:15
Request Received:  4/26/2016 16:12:15
Request Received:  4/26/2016 16:12:15
Request Received:  4/26/2016 16:12:15
Request Received:  4/26/2016 16:12:15
Request Received:  4/26/2016 16:12:15
GET Vasos
Request Received:  4/26/2016 16:12:32
Request Received:  4/26/2016 16:12:32
Request Received:  4/26/2016 16:12:32
Request Received:  4/26/2016 16:12:32
Request Received:  4/26/2016 16:12:32
Request Received:  4/26/2016 16:12:32
Request Received:  4/26/2016 16:12:32
Request Received:  4/26/2016 16:12:32
Request Received:  4/26/2016 16:12:32
GET Vaso
Request Received:  4/26/2016 16:12:35
Request Received:  4/26/2016 16:12:35
Request Received:  4/26/2016 16:12:35
Request Received:  4/26/2016 16:12:35
Request Received:  4/26/2016 16:12:35
Request Received:  4/26/2016 16:12:35
Request Received:  4/26/2016 16:12:35
Request Received:  4/26/2016 16:12:35
Request Received:  4/26/2016 16:12:35
GET Vaso
Request Received:  4/26/2016 16:12:44
Request Received:  4/26/2016 16:12:44
Request Received:  4/26/2016 16:12:44
Request Received:  4/26/2016 16:12:44
Request Received:  4/26/2016 16:12:44
Request Received:  4/26/2016 16:12:44
Request Received:  4/26/2016 16:12:44
Request Received:  4/26/2016 16:12:44
Request Received:  4/26/2016 16:12:44
GET Vaso
Request Received:  4/26/2016 16:13:31
Request Received:  4/26/2016 16:13:31
Request Received:  4/26/2016 16:13:31
Request Received:  4/26/2016 16:13:31
Request Received:  4/26/2016 16:13:31
Request Received:  4/26/2016 16:13:31
Request Received:  4/26/2016 16:13:31
Request Received:  4/26/2016 16:13:31
Request Received:  4/26/2016 16:13:31
POST Vasos
SERVER listening on port: 8080
Connected to the Database
SERVER listening on port: 8080
Connected to the Database
Peticion de usuarios recibida:  4/26/2016 22:56:37
Metodo GET
[0mGET /favicon.ico [33m404 [0m18533.563 ms - 1249[0m
SERVER listening on port: 8080
Connected to the Database
SERVER listening on port: 8080
Connected to the Database
Peticion de estacion recibida:  5/4/2016 10:23:48
Metodo GET
[0mGET /favicon.ico [33m404 [0m3406.125 ms - 1249[0m
SERVER listening on port: 8080
Connected to the Database
SERVER listening on port: 8080
Connected to the Database
[0mGET / [32m200 [0m14.462 ms - 447[0m
[0mGET /favicon.ico [33m404 [0m3660.846 ms - 1249[0m
Peticion de comentario recibida:  5/4/2016 12:50:47
[0mGET /comentarios [33m404 [0m36.542 ms - 1343[0m
[0mGET /stylesheets/style.css [32m200 [0m4.848 ms - 111[0m
Peticion de usuarios recibida:  5/4/2016 12:52:6
Peticion de usuarios recibida:  5/4/2016 12:52:6
[0mGET /usuarios [33m404 [0m39.851 ms - 1343[0m
[0mGET /stylesheets/style.css [36m304 [0m2.448 ms - -[0m
SERVER listening on port: 8080
Connected to the Database
SERVER listening on port: 8888
Connected to the Database
Peticion de usuarios recibida:  5/6/2016 10:10:17
Peticion de usuarios recibida:  5/6/2016 10:10:17
[0mGET /usuarios/lista [33m404 [0m1940.935 ms - 1343[0m
[0mGET /stylesheets/style.css [36m304 [0m5.963 ms - -[0m
[0mGET /favicon.ico [33m404 [0m56.233 ms - 1249[0m
Peticion de usuarios recibida:  5/6/2016 10:10:51
Peticion de usuarios recibida:  5/6/2016 10:10:51
[0mGET /usuarios/lista [33m404 [0m37.000 ms - 1343[0m
[0mGET /stylesheets/style.css [36m304 [0m1.279 ms - -[0m
Peticion de comentario recibida:  5/6/2016 10:11:1
Metodo GET COMENTARIOS
[ { nombre: 'mike',
    comentario: 'Funciona',
    valoracion: 1,
    _id: 572bd25bfaca385415d95951 },
  { nombre: 'mike',
    comentario: 'Felicidades',
    valoracion: 5,
    _id: 572bd1dcf44c127414c311fe },
  { nombre: 'mike',
    comentario: 'excelente',
    valoracion: 5,
    _id: 572bd1d6f44c127414c311fd },
  { nombre: 'mike',
    comentario: 'bien',
    valoracion: 2,
    _id: 572bd15cf44c127414c311fc },
  { nombre: 'mike',
    comentario: 'bien',
    valoracion: 2,
    _id: 572bd15bf44c127414c311fb },
  { nombre: 'mike',
    comentario: 'bien',
    valoracion: 2,
    _id: 572bd15bf44c127414c311fa },
  { nombre: 'mike',
    comentario: 'bien',
    valoracion: 2,
    _id: 572bd15af44c127414c311f9 },
  { nombre: 'mike',
    comentario: 'bien',
    valoracion: 2,
    _id: 572bd147f44c127414c311f8 } ]
Peticion de usuarios recibida:  5/6/2016 10:11:41
Peticion de usuarios recibida:  5/6/2016 10:11:41
[0mGET /usuarios/lista [33m404 [0m22.799 ms - 1343[0m
Peticion de usuarios recibida:  5/6/2016 10:11:44
Peticion de usuarios recibida:  5/6/2016 10:11:44
[0mGET /usuarios/lista [33m404 [0m32.535 ms - 1343[0m
[0mGET /stylesheets/style.css [36m304 [0m0.718 ms - -[0m
Peticion de comentario recibida:  5/6/2016 10:19:35
Metodo GET COMENTARIOS
[ { nombre: 'mike',
    comentario: 'Funciona',
    valoracion: 1,
    _id: 572bd25bfaca385415d95951 },
  { nombre: 'mike',
    comentario: 'Felicidades',
    valoracion: 5,
    _id: 572bd1dcf44c127414c311fe },
  { nombre: 'mike',
    comentario: 'excelente',
    valoracion: 5,
    _id: 572bd1d6f44c127414c311fd },
  { nombre: 'mike',
    comentario: 'bien',
    valoracion: 2,
    _id: 572bd15cf44c127414c311fc },
  { nombre: 'mike',
    comentario: 'bien',
    valoracion: 2,
    _id: 572bd15bf44c127414c311fb },
  { nombre: 'mike',
    comentario: 'bien',
    valoracion: 2,
    _id: 572bd15bf44c127414c311fa },
  { nombre: 'mike',
    comentario: 'bien',
    valoracion: 2,
    _id: 572bd15af44c127414c311f9 },
  { nombre: 'mike',
    comentario: 'bien',
    valoracion: 2,
    _id: 572bd147f44c127414c311f8 } ]
Peticion de empresa recibida:  5/6/2016 10:37:7
Metodo GET ABOUT
Peticion de comentario recibida:  5/6/2016 11:12:7
Metodo GET COMENTARIOS
[ { nombre: 'mike',
    comentario: 'Funciona',
    valoracion: 1,
    _id: 572bd25bfaca385415d95951 },
  { nombre: 'mike',
    comentario: 'Felicidades',
    valoracion: 5,
    _id: 572bd1dcf44c127414c311fe },
  { nombre: 'mike',
    comentario: 'excelente',
    valoracion: 5,
    _id: 572bd1d6f44c127414c311fd },
  { nombre: 'mike',
    comentario: 'bien',
    valoracion: 2,
    _id: 572bd15cf44c127414c311fc },
  { nombre: 'mike',
    comentario: 'bien',
    valoracion: 2,
    _id: 572bd15bf44c127414c311fb },
  { nombre: 'mike',
    comentario: 'bien',
    valoracion: 2,
    _id: 572bd15bf44c127414c311fa },
  { nombre: 'mike',
    comentario: 'bien',
    valoracion: 2,
    _id: 572bd15af44c127414c311f9 },
  { nombre: 'mike',
    comentario: 'bien',
    valoracion: 2,
    _id: 572bd147f44c127414c311f8 } ]
Peticion de comentario recibida:  5/6/2016 11:21:39
Metodo GET COMENTARIOS
[ { nombre: 'mike',
    comentario: 'Funciona',
    valoracion: 1,
    _id: 572bd25bfaca385415d95951 },
  { nombre: 'mike',
    comentario: 'Felicidades',
    valoracion: 5,
    _id: 572bd1dcf44c127414c311fe },
  { nombre: 'mike',
    comentario: 'excelente',
    valoracion: 5,
    _id: 572bd1d6f44c127414c311fd },
  { nombre: 'mike',
    comentario: 'bien',
    valoracion: 2,
    _id: 572bd15cf44c127414c311fc },
  { nombre: 'mike',
    comentario: 'bien',
    valoracion: 2,
    _id: 572bd15bf44c127414c311fb },
  { nombre: 'mike',
    comentario: 'bien',
    valoracion: 2,
    _id: 572bd15bf44c127414c311fa },
  { nombre: 'mike',
    comentario: 'bien',
    valoracion: 2,
    _id: 572bd15af44c127414c311f9 },
  { nombre: 'mike',
    comentario: 'bien',
    valoracion: 2,
    _id: 572bd147f44c127414c311f8 } ]
Peticion de comentario recibida:  5/6/2016 11:22:40
Metodo GET COMENTARIOS
[ { nombre: 'mike',
    comentario: 'Funciona',
    valoracion: 1,
    _id: 572bd25bfaca385415d95951 },
  { nombre: 'mike',
    comentario: 'Felicidades',
    valoracion: 5,
    _id: 572bd1dcf44c127414c311fe },
  { nombre: 'mike',
    comentario: 'excelente',
    valoracion: 5,
    _id: 572bd1d6f44c127414c311fd },
  { nombre: 'mike',
    comentario: 'bien',
    valoracion: 2,
    _id: 572bd15cf44c127414c311fc },
  { nombre: 'mike',
    comentario: 'bien',
    valoracion: 2,
    _id: 572bd15bf44c127414c311fb },
  { nombre: 'mike',
    comentario: 'bien',
    valoracion: 2,
    _id: 572bd15bf44c127414c311fa },
  { nombre: 'mike',
    comentario: 'bien',
    valoracion: 2,
    _id: 572bd15af44c127414c311f9 },
  { nombre: 'mike',
    comentario: 'bien',
    valoracion: 2,
    _id: 572bd147f44c127414c311f8 } ]
Peticion de comentario recibida:  5/6/2016 11:24:16
Metodo GET COMENTARIOS
[ { nombre: 'mike',
    comentario: 'Funciona',
    valoracion: 1,
    _id: 572bd25bfaca385415d95951 },
  { nombre: 'mike',
    comentario: 'Felicidades',
    valoracion: 5,
    _id: 572bd1dcf44c127414c311fe },
  { nombre: 'mike',
    comentario: 'excelente',
    valoracion: 5,
    _id: 572bd1d6f44c127414c311fd },
  { nombre: 'mike',
    comentario: 'bien',
    valoracion: 2,
    _id: 572bd15cf44c127414c311fc },
  { nombre: 'mike',
    comentario: 'bien',
    valoracion: 2,
    _id: 572bd15bf44c127414c311fb },
  { nombre: 'mike',
    comentario: 'bien',
    valoracion: 2,
    _id: 572bd15bf44c127414c311fa },
  { nombre: 'mike',
    comentario: 'bien',
    valoracion: 2,
    _id: 572bd15af44c127414c311f9 },
  { nombre: 'mike',
    comentario: 'bien',
    valoracion: 2,
    _id: 572bd147f44c127414c311f8 } ]
Peticion de comentario recibida:  5/6/2016 11:24:31
Metodo GET COMENTARIOS
[ { nombre: 'mike',
    comentario: 'Funciona',
    valoracion: 1,
    _id: 572bd25bfaca385415d95951 },
  { nombre: 'mike',
    comentario: 'Felicidades',
    valoracion: 5,
    _id: 572bd1dcf44c127414c311fe },
  { nombre: 'mike',
    comentario: 'excelente',
    valoracion: 5,
    _id: 572bd1d6f44c127414c311fd },
  { nombre: 'mike',
    comentario: 'bien',
    valoracion: 2,
    _id: 572bd15cf44c127414c311fc },
  { nombre: 'mike',
    comentario: 'bien',
    valoracion: 2,
    _id: 572bd15bf44c127414c311fb },
  { nombre: 'mike',
    comentario: 'bien',
    valoracion: 2,
    _id: 572bd15bf44c127414c311fa },
  { nombre: 'mike',
    comentario: 'bien',
    valoracion: 2,
    _id: 572bd15af44c127414c311f9 },
  { nombre: 'mike',
    comentario: 'bien',
    valoracion: 2,
    _id: 572bd147f44c127414c311f8 } ]
Peticion de empresa recibida:  5/6/2016 11:25:34
Metodo GET ABOUT
Peticion de comentario recibida:  5/6/2016 11:25:59
Metodo GET COMENTARIOS
[ { nombre: 'mike',
    comentario: 'Funciona',
    valoracion: 1,
    _id: 572bd25bfaca385415d95951 },
  { nombre: 'mike',
    comentario: 'Felicidades',
    valoracion: 5,
    _id: 572bd1dcf44c127414c311fe },
  { nombre: 'mike',
    comentario: 'excelente',
    valoracion: 5,
    _id: 572bd1d6f44c127414c311fd },
  { nombre: 'mike',
    comentario: 'bien',
    valoracion: 2,
    _id: 572bd15cf44c127414c311fc },
  { nombre: 'mike',
    comentario: 'bien',
    valoracion: 2,
    _id: 572bd15bf44c127414c311fb },
  { nombre: 'mike',
    comentario: 'bien',
    valoracion: 2,
    _id: 572bd15bf44c127414c311fa },
  { nombre: 'mike',
    comentario: 'bien',
    valoracion: 2,
    _id: 572bd15af44c127414c311f9 },
  { nombre: 'mike',
    comentario: 'bien',
    valoracion: 2,
    _id: 572bd147f44c127414c311f8 } ]
Peticion de comentario recibida:  5/6/2016 11:27:19
Metodo GET COMENTARIOS
[ { nombre: 'mike',
    comentario: 'Funciona',
    valoracion: 1,
    _id: 572bd25bfaca385415d95951 },
  { nombre: 'mike',
    comentario: 'Felicidades',
    valoracion: 5,
    _id: 572bd1dcf44c127414c311fe },
  { nombre: 'mike',
    comentario: 'excelente',
    valoracion: 5,
    _id: 572bd1d6f44c127414c311fd },
  { nombre: 'mike',
    comentario: 'bien',
    valoracion: 2,
    _id: 572bd15cf44c127414c311fc },
  { nombre: 'mike',
    comentario: 'bien',
    valoracion: 2,
    _id: 572bd15bf44c127414c311fb },
  { nombre: 'mike',
    comentario: 'bien',
    valoracion: 2,
    _id: 572bd15bf44c127414c311fa },
  { nombre: 'mike',
    comentario: 'bien',
    valoracion: 2,
    _id: 572bd15af44c127414c311f9 },
  { nombre: 'mike',
    comentario: 'bien',
    valoracion: 2,
    _id: 572bd147f44c127414c311f8 } ]
Peticion de comentario recibida:  5/6/2016 11:28:31
Metodo GET COMENTARIOS
[ { nombre: 'mike',
    comentario: 'Funciona',
    valoracion: 1,
    _id: 572bd25bfaca385415d95951 },
  { nombre: 'mike',
    comentario: 'Felicidades',
    valoracion: 5,
    _id: 572bd1dcf44c127414c311fe },
  { nombre: 'mike',
    comentario: 'excelente',
    valoracion: 5,
    _id: 572bd1d6f44c127414c311fd },
  { nombre: 'mike',
    comentario: 'bien',
    valoracion: 2,
    _id: 572bd15cf44c127414c311fc },
  { nombre: 'mike',
    comentario: 'bien',
    valoracion: 2,
    _id: 572bd15bf44c127414c311fb },
  { nombre: 'mike',
    comentario: 'bien',
    valoracion: 2,
    _id: 572bd15bf44c127414c311fa },
  { nombre: 'mike',
    comentario: 'bien',
    valoracion: 2,
    _id: 572bd15af44c127414c311f9 },
  { nombre: 'mike',
    comentario: 'bien',
    valoracion: 2,
    _id: 572bd147f44c127414c311f8 } ]
Peticion de empresa recibida:  5/6/2016 11:28:32
Metodo GET ABOUT
Peticion de comentario recibida:  5/6/2016 11:29:40
Metodo GET COMENTARIOS
[ { nombre: 'mike',
    comentario: 'Funciona',
    valoracion: 1,
    _id: 572bd25bfaca385415d95951 },
  { nombre: 'mike',
    comentario: 'Felicidades',
    valoracion: 5,
    _id: 572bd1dcf44c127414c311fe },
  { nombre: 'mike',
    comentario: 'excelente',
    valoracion: 5,
    _id: 572bd1d6f44c127414c311fd },
  { nombre: 'mike',
    comentario: 'bien',
    valoracion: 2,
    _id: 572bd15cf44c127414c311fc },
  { nombre: 'mike',
    comentario: 'bien',
    valoracion: 2,
    _id: 572bd15bf44c127414c311fb },
  { nombre: 'mike',
    comentario: 'bien',
    valoracion: 2,
    _id: 572bd15bf44c127414c311fa },
  { nombre: 'mike',
    comentario: 'bien',
    valoracion: 2,
    _id: 572bd15af44c127414c311f9 },
  { nombre: 'mike',
    comentario: 'bien',
    valoracion: 2,
    _id: 572bd147f44c127414c311f8 } ]
Peticion de comentario recibida:  5/6/2016 11:31:31
Metodo GET COMENTARIOS
[ { nombre: 'mike',
    comentario: 'Funciona',
    valoracion: 1,
    _id: 572bd25bfaca385415d95951 },
  { nombre: 'mike',
    comentario: 'Felicidades',
    valoracion: 5,
    _id: 572bd1dcf44c127414c311fe },
  { nombre: 'mike',
    comentario: 'excelente',
    valoracion: 5,
    _id: 572bd1d6f44c127414c311fd },
  { nombre: 'mike',
    comentario: 'bien',
    valoracion: 2,
    _id: 572bd15cf44c127414c311fc },
  { nombre: 'mike',
    comentario: 'bien',
    valoracion: 2,
    _id: 572bd15bf44c127414c311fb },
  { nombre: 'mike',
    comentario: 'bien',
    valoracion: 2,
    _id: 572bd15bf44c127414c311fa },
  { nombre: 'mike',
    comentario: 'bien',
    valoracion: 2,
    _id: 572bd15af44c127414c311f9 },
  { nombre: 'mike',
    comentario: 'bien',
    valoracion: 2,
    _id: 572bd147f44c127414c311f8 } ]
Peticion de comentario recibida:  5/6/2016 11:31:35
Metodo GET COMENTARIOS
[ { nombre: 'mike',
    comentario: 'Funciona',
    valoracion: 1,
    _id: 572bd25bfaca385415d95951 },
  { nombre: 'mike',
    comentario: 'Felicidades',
    valoracion: 5,
    _id: 572bd1dcf44c127414c311fe },
  { nombre: 'mike',
    comentario: 'excelente',
    valoracion: 5,
    _id: 572bd1d6f44c127414c311fd },
  { nombre: 'mike',
    comentario: 'bien',
    valoracion: 2,
    _id: 572bd15cf44c127414c311fc },
  { nombre: 'mike',
    comentario: 'bien',
    valoracion: 2,
    _id: 572bd15bf44c127414c311fb },
  { nombre: 'mike',
    comentario: 'bien',
    valoracion: 2,
    _id: 572bd15bf44c127414c311fa },
  { nombre: 'mike',
    comentario: 'bien',
    valoracion: 2,
    _id: 572bd15af44c127414c311f9 },
  { nombre: 'mike',
    comentario: 'bien',
    valoracion: 2,
    _id: 572bd147f44c127414c311f8 } ]
Peticion de comentario recibida:  5/6/2016 11:32:1
Metodo GET COMENTARIOS
[ { nombre: 'mike',
    comentario: 'Funciona',
    valoracion: 1,
    _id: 572bd25bfaca385415d95951 },
  { nombre: 'mike',
    comentario: 'Felicidades',
    valoracion: 5,
    _id: 572bd1dcf44c127414c311fe },
  { nombre: 'mike',
    comentario: 'excelente',
    valoracion: 5,
    _id: 572bd1d6f44c127414c311fd },
  { nombre: 'mike',
    comentario: 'bien',
    valoracion: 2,
    _id: 572bd15cf44c127414c311fc },
  { nombre: 'mike',
    comentario: 'bien',
    valoracion: 2,
    _id: 572bd15bf44c127414c311fb },
  { nombre: 'mike',
    comentario: 'bien',
    valoracion: 2,
    _id: 572bd15bf44c127414c311fa },
  { nombre: 'mike',
    comentario: 'bien',
    valoracion: 2,
    _id: 572bd15af44c127414c311f9 },
  { nombre: 'mike',
    comentario: 'bien',
    valoracion: 2,
    _id: 572bd147f44c127414c311f8 } ]
Peticion de comentario recibida:  5/6/2016 11:37:47
Metodo GET COMENTARIOS
[ { nombre: 'mike',
    comentario: 'Funciona',
    valoracion: 1,
    _id: 572bd25bfaca385415d95951 },
  { nombre: 'mike',
    comentario: 'Felicidades',
    valoracion: 5,
    _id: 572bd1dcf44c127414c311fe },
  { nombre: 'mike',
    comentario: 'excelente',
    valoracion: 5,
    _id: 572bd1d6f44c127414c311fd },
  { nombre: 'mike',
    comentario: 'bien',
    valoracion: 2,
    _id: 572bd15cf44c127414c311fc },
  { nombre: 'mike',
    comentario: 'bien',
    valoracion: 2,
    _id: 572bd15bf44c127414c311fb },
  { nombre: 'mike',
    comentario: 'bien',
    valoracion: 2,
    _id: 572bd15bf44c127414c311fa },
  { nombre: 'mike',
    comentario: 'bien',
    valoracion: 2,
    _id: 572bd15af44c127414c311f9 },
  { nombre: 'mike',
    comentario: 'bien',
    valoracion: 2,
    _id: 572bd147f44c127414c311f8 } ]
Peticion de comentario recibida:  5/6/2016 11:38:5
Metodo GET COMENTARIOS
[ { nombre: 'mike',
    comentario: 'Funciona',
    valoracion: 1,
    _id: 572bd25bfaca385415d95951 },
  { nombre: 'mike',
    comentario: 'Felicidades',
    valoracion: 5,
    _id: 572bd1dcf44c127414c311fe },
  { nombre: 'mike',
    comentario: 'excelente',
    valoracion: 5,
    _id: 572bd1d6f44c127414c311fd },
  { nombre: 'mike',
    comentario: 'bien',
    valoracion: 2,
    _id: 572bd15cf44c127414c311fc },
  { nombre: 'mike',
    comentario: 'bien',
    valoracion: 2,
    _id: 572bd15bf44c127414c311fb },
  { nombre: 'mike',
    comentario: 'bien',
    valoracion: 2,
    _id: 572bd15bf44c127414c311fa },
  { nombre: 'mike',
    comentario: 'bien',
    valoracion: 2,
    _id: 572bd15af44c127414c311f9 },
  { nombre: 'mike',
    comentario: 'bien',
    valoracion: 2,
    _id: 572bd147f44c127414c311f8 } ]
[0mGET /favicon.ico [33m404 [0m15.390 ms - 1249[0m
[0mGET /favicon.ico [33m404 [0m16.096 ms - 1249[0m
Peticion de usuarios recibida:  5/6/2016 11:43:40
Metodo POST LOGIN
Peticion de empresa recibida:  5/6/2016 11:44:15
Metodo GET ABOUT
Peticion de comentario recibida:  5/6/2016 11:44:34
Metodo GET COMENTARIOS
[ { nombre: 'mike',
    comentario: 'Funciona',
    valoracion: 1,
    _id: 572bd25bfaca385415d95951 },
  { nombre: 'mike',
    comentario: 'Felicidades',
    valoracion: 5,
    _id: 572bd1dcf44c127414c311fe },
  { nombre: 'mike',
    comentario: 'excelente',
    valoracion: 5,
    _id: 572bd1d6f44c127414c311fd },
  { nombre: 'mike',
    comentario: 'bien',
    valoracion: 2,
    _id: 572bd15cf44c127414c311fc },
  { nombre: 'mike',
    comentario: 'bien',
    valoracion: 2,
    _id: 572bd15bf44c127414c311fb },
  { nombre: 'mike',
    comentario: 'bien',
    valoracion: 2,
    _id: 572bd15bf44c127414c311fa },
  { nombre: 'mike',
    comentario: 'bien',
    valoracion: 2,
    _id: 572bd15af44c127414c311f9 },
  { nombre: 'mike',
    comentario: 'bien',
    valoracion: 2,
    _id: 572bd147f44c127414c311f8 } ]
Peticion de empresa recibida:  5/6/2016 11:45:6
Metodo GET CONTACT
Peticion de comentario recibida:  5/6/2016 11:45:42
Metodo GET COMENTARIOS
[ { nombre: 'mike',
    comentario: 'Funciona',
    valoracion: 1,
    _id: 572bd25bfaca385415d95951 },
  { nombre: 'mike',
    comentario: 'Felicidades',
    valoracion: 5,
    _id: 572bd1dcf44c127414c311fe },
  { nombre: 'mike',
    comentario: 'excelente',
    valoracion: 5,
    _id: 572bd1d6f44c127414c311fd },
  { nombre: 'mike',
    comentario: 'bien',
    valoracion: 2,
    _id: 572bd15cf44c127414c311fc },
  { nombre: 'mike',
    comentario: 'bien',
    valoracion: 2,
    _id: 572bd15bf44c127414c311fb },
  { nombre: 'mike',
    comentario: 'bien',
    valoracion: 2,
    _id: 572bd15bf44c127414c311fa },
  { nombre: 'mike',
    comentario: 'bien',
    valoracion: 2,
    _id: 572bd15af44c127414c311f9 },
  { nombre: 'mike',
    comentario: 'bien',
    valoracion: 2,
    _id: 572bd147f44c127414c311f8 } ]
Peticion de comentario recibida:  5/6/2016 11:45:56
Metodo GET COMENTARIOS
[ { nombre: 'mike',
    comentario: 'Funciona',
    valoracion: 1,
    _id: 572bd25bfaca385415d95951 },
  { nombre: 'mike',
    comentario: 'Felicidades',
    valoracion: 5,
    _id: 572bd1dcf44c127414c311fe },
  { nombre: 'mike',
    comentario: 'excelente',
    valoracion: 5,
    _id: 572bd1d6f44c127414c311fd },
  { nombre: 'mike',
    comentario: 'bien',
    valoracion: 2,
    _id: 572bd15cf44c127414c311fc },
  { nombre: 'mike',
    comentario: 'bien',
    valoracion: 2,
    _id: 572bd15bf44c127414c311fb },
  { nombre: 'mike',
    comentario: 'bien',
    valoracion: 2,
    _id: 572bd15bf44c127414c311fa },
  { nombre: 'mike',
    comentario: 'bien',
    valoracion: 2,
    _id: 572bd15af44c127414c311f9 },
  { nombre: 'mike',
    comentario: 'bien',
    valoracion: 2,
    _id: 572bd147f44c127414c311f8 } ]
Peticion de comentario recibida:  5/6/2016 11:46:24
Metodo GET COMENTARIOS
[ { nombre: 'mike',
    comentario: 'Funciona',
    valoracion: 1,
    _id: 572bd25bfaca385415d95951 },
  { nombre: 'mike',
    comentario: 'Felicidades',
    valoracion: 5,
    _id: 572bd1dcf44c127414c311fe },
  { nombre: 'mike',
    comentario: 'excelente',
    valoracion: 5,
    _id: 572bd1d6f44c127414c311fd },
  { nombre: 'mike',
    comentario: 'bien',
    valoracion: 2,
    _id: 572bd15cf44c127414c311fc },
  { nombre: 'mike',
    comentario: 'bien',
    valoracion: 2,
    _id: 572bd15bf44c127414c311fb },
  { nombre: 'mike',
    comentario: 'bien',
    valoracion: 2,
    _id: 572bd15bf44c127414c311fa },
  { nombre: 'mike',
    comentario: 'bien',
    valoracion: 2,
    _id: 572bd15af44c127414c311f9 },
  { nombre: 'mike',
    comentario: 'bien',
    valoracion: 2,
    _id: 572bd147f44c127414c311f8 } ]
Peticion de comentario recibida:  5/6/2016 11:48:9
Metodo GET COMENTARIOS
[ { nombre: 'mike',
    comentario: 'Funciona',
    valoracion: 1,
    _id: 572bd25bfaca385415d95951 },
  { nombre: 'mike',
    comentario: 'Felicidades',
    valoracion: 5,
    _id: 572bd1dcf44c127414c311fe },
  { nombre: 'mike',
    comentario: 'excelente',
    valoracion: 5,
    _id: 572bd1d6f44c127414c311fd },
  { nombre: 'mike',
    comentario: 'bien',
    valoracion: 2,
    _id: 572bd15cf44c127414c311fc },
  { nombre: 'mike',
    comentario: 'bien',
    valoracion: 2,
    _id: 572bd15bf44c127414c311fb },
  { nombre: 'mike',
    comentario: 'bien',
    valoracion: 2,
    _id: 572bd15bf44c127414c311fa },
  { nombre: 'mike',
    comentario: 'bien',
    valoracion: 2,
    _id: 572bd15af44c127414c311f9 },
  { nombre: 'mike',
    comentario: 'bien',
    valoracion: 2,
    _id: 572bd147f44c127414c311f8 } ]
Peticion de empresa recibida:  5/6/2016 11:48:51
Metodo GET ABOUT
Peticion de usuarios recibida:  5/6/2016 11:58:42
Metodo POST LOGIN
Peticion de usuarios recibida:  5/6/2016 11:58:57
Metodo POST LOGIN
Peticion de comentario recibida:  5/6/2016 12:9:52
Metodo GET COMENTARIOS
[ { nombre: 'mike',
    comentario: 'Funciona',
    valoracion: 1,
    _id: 572bd25bfaca385415d95951 },
  { nombre: 'mike',
    comentario: 'Felicidades',
    valoracion: 5,
    _id: 572bd1dcf44c127414c311fe },
  { nombre: 'mike',
    comentario: 'excelente',
    valoracion: 5,
    _id: 572bd1d6f44c127414c311fd },
  { nombre: 'mike',
    comentario: 'bien',
    valoracion: 2,
    _id: 572bd15cf44c127414c311fc },
  { nombre: 'mike',
    comentario: 'bien',
    valoracion: 2,
    _id: 572bd15bf44c127414c311fb },
  { nombre: 'mike',
    comentario: 'bien',
    valoracion: 2,
    _id: 572bd15bf44c127414c311fa },
  { nombre: 'mike',
    comentario: 'bien',
    valoracion: 2,
    _id: 572bd15af44c127414c311f9 },
  { nombre: 'mike',
    comentario: 'bien',
    valoracion: 2,
    _id: 572bd147f44c127414c311f8 } ]
Peticion de comentario recibida:  5/6/2016 12:10:26
Metodo GET COMENTARIOS
[ { nombre: 'mike',
    comentario: 'Funciona',
    valoracion: 1,
    _id: 572bd25bfaca385415d95951 },
  { nombre: 'mike',
    comentario: 'Felicidades',
    valoracion: 5,
    _id: 572bd1dcf44c127414c311fe },
  { nombre: 'mike',
    comentario: 'excelente',
    valoracion: 5,
    _id: 572bd1d6f44c127414c311fd },
  { nombre: 'mike',
    comentario: 'bien',
    valoracion: 2,
    _id: 572bd15cf44c127414c311fc },
  { nombre: 'mike',
    comentario: 'bien',
    valoracion: 2,
    _id: 572bd15bf44c127414c311fb },
  { nombre: 'mike',
    comentario: 'bien',
    valoracion: 2,
    _id: 572bd15bf44c127414c311fa },
  { nombre: 'mike',
    comentario: 'bien',
    valoracion: 2,
    _id: 572bd15af44c127414c311f9 },
  { nombre: 'mike',
    comentario: 'bien',
    valoracion: 2,
    _id: 572bd147f44c127414c311f8 } ]
Peticion de comentario recibida:  5/6/2016 12:11:18
Metodo PUT
Peticion de comentario recibida:  5/6/2016 12:11:41
Metodo GET COMENTARIOS
[ { nombre: 'Michael Varela',
    comentario: 'Muy buen aporte con esta app. Me encanta!',
    valoracion: 5,
    _id: 572cde46aed283580d55f329 },
  { nombre: 'mike',
    comentario: 'Funciona',
    valoracion: 1,
    _id: 572bd25bfaca385415d95951 },
  { nombre: 'mike',
    comentario: 'Felicidades',
    valoracion: 5,
    _id: 572bd1dcf44c127414c311fe },
  { nombre: 'mike',
    comentario: 'excelente',
    valoracion: 5,
    _id: 572bd1d6f44c127414c311fd },
  { nombre: 'mike',
    comentario: 'bien',
    valoracion: 2,
    _id: 572bd15cf44c127414c311fc },
  { nombre: 'mike',
    comentario: 'bien',
    valoracion: 2,
    _id: 572bd15bf44c127414c311fb },
  { nombre: 'mike',
    comentario: 'bien',
    valoracion: 2,
    _id: 572bd15bf44c127414c311fa },
  { nombre: 'mike',
    comentario: 'bien',
    valoracion: 2,
    _id: 572bd15af44c127414c311f9 },
  { nombre: 'mike',
    comentario: 'bien',
    valoracion: 2,
    _id: 572bd147f44c127414c311f8 } ]
Peticion de comentario recibida:  5/6/2016 12:12:18
Metodo GET COMENTARIOS
[ { nombre: 'Michael Varela',
    comentario: 'Muy buen aporte con esta app. Me encanta!',
    valoracion: 5,
    _id: 572cde46aed283580d55f329 },
  { nombre: 'mike',
    comentario: 'Funciona',
    valoracion: 1,
    _id: 572bd25bfaca385415d95951 },
  { nombre: 'mike',
    comentario: 'Felicidades',
    valoracion: 5,
    _id: 572bd1dcf44c127414c311fe },
  { nombre: 'mike',
    comentario: 'excelente',
    valoracion: 5,
    _id: 572bd1d6f44c127414c311fd },
  { nombre: 'mike',
    comentario: 'bien',
    valoracion: 2,
    _id: 572bd15cf44c127414c311fc },
  { nombre: 'mike',
    comentario: 'bien',
    valoracion: 2,
    _id: 572bd15bf44c127414c311fb },
  { nombre: 'mike',
    comentario: 'bien',
    valoracion: 2,
    _id: 572bd15bf44c127414c311fa },
  { nombre: 'mike',
    comentario: 'bien',
    valoracion: 2,
    _id: 572bd15af44c127414c311f9 },
  { nombre: 'mike',
    comentario: 'bien',
    valoracion: 2,
    _id: 572bd147f44c127414c311f8 } ]
Peticion de comentario recibida:  5/6/2016 12:13:2
Metodo PUT
Peticion de comentario recibida:  5/6/2016 12:13:8
Metodo GET COMENTARIOS
[ { nombre: 'Michael Varela',
    comentario: 'ME GUSTO MUCHO',
    valoracion: 1,
    _id: 572cdeaeaed283580d55f32a },
  { nombre: 'Michael Varela',
    comentario: 'Muy buen aporte con esta app. Me encanta!',
    valoracion: 5,
    _id: 572cde46aed283580d55f329 },
  { nombre: 'mike',
    comentario: 'Funciona',
    valoracion: 1,
    _id: 572bd25bfaca385415d95951 },
  { nombre: 'mike',
    comentario: 'Felicidades',
    valoracion: 5,
    _id: 572bd1dcf44c127414c311fe },
  { nombre: 'mike',
    comentario: 'excelente',
    valoracion: 5,
    _id: 572bd1d6f44c127414c311fd },
  { nombre: 'mike',
    comentario: 'bien',
    valoracion: 2,
    _id: 572bd15cf44c127414c311fc },
  { nombre: 'mike',
    comentario: 'bien',
    valoracion: 2,
    _id: 572bd15bf44c127414c311fb },
  { nombre: 'mike',
    comentario: 'bien',
    valoracion: 2,
    _id: 572bd15bf44c127414c311fa },
  { nombre: 'mike',
    comentario: 'bien',
    valoracion: 2,
    _id: 572bd15af44c127414c311f9 },
  { nombre: 'mike',
    comentario: 'bien',
    valoracion: 2,
    _id: 572bd147f44c127414c311f8 } ]
Peticion de comentario recibida:  5/6/2016 12:17:7
Metodo GET COMENTARIOS
[ { nombre: 'Michael Varela',
    comentario: 'ME GUSTO MUCHO',
    valoracion: 1,
    _id: 572cdeaeaed283580d55f32a },
  { nombre: 'Michael Varela',
    comentario: 'Muy buen aporte con esta app. Me encanta!',
    valoracion: 5,
    _id: 572cde46aed283580d55f329 },
  { nombre: 'mike',
    comentario: 'Funciona',
    valoracion: 1,
    _id: 572bd25bfaca385415d95951 },
  { nombre: 'mike',
    comentario: 'Felicidades',
    valoracion: 5,
    _id: 572bd1dcf44c127414c311fe },
  { nombre: 'mike',
    comentario: 'excelente',
    valoracion: 5,
    _id: 572bd1d6f44c127414c311fd },
  { nombre: 'mike',
    comentario: 'bien',
    valoracion: 2,
    _id: 572bd15cf44c127414c311fc },
  { nombre: 'mike',
    comentario: 'bien',
    valoracion: 2,
    _id: 572bd15bf44c127414c311fb },
  { nombre: 'mike',
    comentario: 'bien',
    valoracion: 2,
    _id: 572bd15bf44c127414c311fa },
  { nombre: 'mike',
    comentario: 'bien',
    valoracion: 2,
    _id: 572bd15af44c127414c311f9 },
  { nombre: 'mike',
    comentario: 'bien',
    valoracion: 2,
    _id: 572bd147f44c127414c311f8 } ]
Peticion de comentario recibida:  5/6/2016 12:17:45
Metodo PUT
Peticion de empresa recibida:  5/6/2016 12:34:43
Metodo GET CONTACT
Peticion de comentario recibida:  5/6/2016 12:34:57
Metodo GET COMENTARIOS
[ { nombre: 'Michael Varela',
    comentario: 'esta es genial',
    valoracion: 5,
    _id: 572cdfc9aed283580d55f32b },
  { nombre: 'Michael Varela',
    comentario: 'ME GUSTO MUCHO',
    valoracion: 1,
    _id: 572cdeaeaed283580d55f32a },
  { nombre: 'Michael Varela',
    comentario: 'Muy buen aporte con esta app. Me encanta!',
    valoracion: 5,
    _id: 572cde46aed283580d55f329 },
  { nombre: 'mike',
    comentario: 'Funciona',
    valoracion: 1,
    _id: 572bd25bfaca385415d95951 },
  { nombre: 'mike',
    comentario: 'Felicidades',
    valoracion: 5,
    _id: 572bd1dcf44c127414c311fe },
  { nombre: 'mike',
    comentario: 'excelente',
    valoracion: 5,
    _id: 572bd1d6f44c127414c311fd },
  { nombre: 'mike',
    comentario: 'bien',
    valoracion: 2,
    _id: 572bd15cf44c127414c311fc },
  { nombre: 'mike',
    comentario: 'bien',
    valoracion: 2,
    _id: 572bd15bf44c127414c311fb },
  { nombre: 'mike',
    comentario: 'bien',
    valoracion: 2,
    _id: 572bd15bf44c127414c311fa },
  { nombre: 'mike',
    comentario: 'bien',
    valoracion: 2,
    _id: 572bd15af44c127414c311f9 } ]
Peticion de comentario recibida:  5/6/2016 12:36:12
Metodo PUT
Peticion de comentario recibida:  5/6/2016 12:37:3
Metodo GET COMENTARIOS
[ { nombre: 'Michael Varela',
    comentario: 'super super',
    valoracion: 3,
    _id: 572ce41caed283580d55f32c },
  { nombre: 'Michael Varela',
    comentario: 'esta es genial',
    valoracion: 5,
    _id: 572cdfc9aed283580d55f32b },
  { nombre: 'Michael Varela',
    comentario: 'ME GUSTO MUCHO',
    valoracion: 1,
    _id: 572cdeaeaed283580d55f32a },
  { nombre: 'Michael Varela',
    comentario: 'Muy buen aporte con esta app. Me encanta!',
    valoracion: 5,
    _id: 572cde46aed283580d55f329 },
  { nombre: 'mike',
    comentario: 'Funciona',
    valoracion: 1,
    _id: 572bd25bfaca385415d95951 },
  { nombre: 'mike',
    comentario: 'Felicidades',
    valoracion: 5,
    _id: 572bd1dcf44c127414c311fe },
  { nombre: 'mike',
    comentario: 'excelente',
    valoracion: 5,
    _id: 572bd1d6f44c127414c311fd },
  { nombre: 'mike',
    comentario: 'bien',
    valoracion: 2,
    _id: 572bd15cf44c127414c311fc },
  { nombre: 'mike',
    comentario: 'bien',
    valoracion: 2,
    _id: 572bd15bf44c127414c311fb },
  { nombre: 'mike',
    comentario: 'bien',
    valoracion: 2,
    _id: 572bd15bf44c127414c311fa } ]
Peticion de comentario recibida:  5/6/2016 12:37:32
Metodo PUT
Peticion de comentario recibida:  5/6/2016 12:38:26
Metodo GET COMENTARIOS
[ { nombre: 'Michael Varela',
    comentario: 'tyu',
    valoracion: 3,
    _id: 572ce46caed283580d55f32d },
  { nombre: 'Michael Varela',
    comentario: 'super super',
    valoracion: 3,
    _id: 572ce41caed283580d55f32c },
  { nombre: 'Michael Varela',
    comentario: 'esta es genial',
    valoracion: 5,
    _id: 572cdfc9aed283580d55f32b },
  { nombre: 'Michael Varela',
    comentario: 'ME GUSTO MUCHO',
    valoracion: 1,
    _id: 572cdeaeaed283580d55f32a },
  { nombre: 'Michael Varela',
    comentario: 'Muy buen aporte con esta app. Me encanta!',
    valoracion: 5,
    _id: 572cde46aed283580d55f329 },
  { nombre: 'mike',
    comentario: 'Funciona',
    valoracion: 1,
    _id: 572bd25bfaca385415d95951 },
  { nombre: 'mike',
    comentario: 'Felicidades',
    valoracion: 5,
    _id: 572bd1dcf44c127414c311fe },
  { nombre: 'mike',
    comentario: 'excelente',
    valoracion: 5,
    _id: 572bd1d6f44c127414c311fd },
  { nombre: 'mike',
    comentario: 'bien',
    valoracion: 2,
    _id: 572bd15cf44c127414c311fc },
  { nombre: 'mike',
    comentario: 'bien',
    valoracion: 2,
    _id: 572bd15bf44c127414c311fb } ]
Peticion de comentario recibida:  5/6/2016 12:38:41
Metodo PUT
Peticion de comentario recibida:  5/6/2016 12:42:19
Metodo GET COMENTARIOS
[ { nombre: 'Michael Varela',
    comentario: 'el ultimo',
    valoracion: 3,
    _id: 572ce4b1aed283580d55f32e },
  { nombre: 'Michael Varela',
    comentario: 'tyu',
    valoracion: 3,
    _id: 572ce46caed283580d55f32d },
  { nombre: 'Michael Varela',
    comentario: 'super super',
    valoracion: 3,
    _id: 572ce41caed283580d55f32c },
  { nombre: 'Michael Varela',
    comentario: 'esta es genial',
    valoracion: 5,
    _id: 572cdfc9aed283580d55f32b },
  { nombre: 'Michael Varela',
    comentario: 'ME GUSTO MUCHO',
    valoracion: 1,
    _id: 572cdeaeaed283580d55f32a },
  { nombre: 'Michael Varela',
    comentario: 'Muy buen aporte con esta app. Me encanta!',
    valoracion: 5,
    _id: 572cde46aed283580d55f329 },
  { nombre: 'mike',
    comentario: 'Funciona',
    valoracion: 1,
    _id: 572bd25bfaca385415d95951 },
  { nombre: 'mike',
    comentario: 'Felicidades',
    valoracion: 5,
    _id: 572bd1dcf44c127414c311fe },
  { nombre: 'mike',
    comentario: 'excelente',
    valoracion: 5,
    _id: 572bd1d6f44c127414c311fd },
  { nombre: 'mike',
    comentario: 'bien',
    valoracion: 2,
    _id: 572bd15cf44c127414c311fc } ]
Peticion de comentario recibida:  5/6/2016 12:43:20
Metodo PUT
SERVER listening on port: 8888
Connected to the Database
SERVER listening on port: 8888
Connected to the Database
Peticion de usuarios recibida:  5/8/2016 9:58:39
Metodo GET
[0mGET /favicon.ico [33m404 [0m24978.719 ms - 1249[0m
Peticion de vasos recibida:  5/8/2016 10:42:46
Metodo GET
Peticion de usuarios recibida:  5/8/2016 11:48:47
Metodo POST LOGIN
Peticion de usuarios recibida:  5/8/2016 11:48:54
Metodo POST LOGIN
[0mGET http://www.baidu.com/ [32m200 [0m13.046 ms - 447[0m
Peticion de vasos recibida:  5/8/2016 16:14:0
Metodo GET
Peticion de empresa recibida:  5/8/2016 17:25:9
Metodo GET ABOUT
Peticion de empresa recibida:  5/8/2016 17:25:14
Metodo GET CONTACT
Peticion de comentario recibida:  5/8/2016 17:25:51
Metodo GET COMENTARIOS
Peticion de usuarios recibida:  5/8/2016 18:31:45
Metodo GET
Peticion de vasos recibida:  5/8/2016 18:31:49
Metodo GET
Peticion de estacion recibida:  5/8/2016 18:42:17
Metodo GET
{ tamano: [ { peq: 1 }, { mediano: 4 }, { grande: 8 } ],
  mangas: [ { _id: 3 }, { _id: 4 } ],
  precio: 20,
  nombre: 'Toppings',
  _id: 2 }
{ tamano: [ { peq: 10 }, { mediano: 50 }, { grande: 100 } ],
  mangas: [ { _id: 1 }, { _id: 2 } ],
  precio: 20,
  nombre: 'Helados',
  _id: 1 }
Peticion de usuarios recibida:  5/8/2016 18:54:44
Metodo GET
Peticion de ordenes recibida:  5/8/2016 18:54:50
Metodo GET
SERVER listening on port: 8888
Connected to the Database
Peticion de usuarios recibida:  5/9/2016 15:18:35
Metodo GET
Peticion de usuarios recibida:  5/9/2016 15:18:35
Metodo GET
Peticion de comentario recibida:  5/9/2016 15:19:37
Metodo GET COMENTARIOS
[0mGET /empresa/contacto [33m404 [0m21835.875 ms - 1343[0m
[0mGET /stylesheets/style.css [32m200 [0m8.897 ms - 111[0m
[0mGET /empresa/contact [33m404 [0m33.534 ms - 1343[0m
[0mGET /stylesheets/style.css [36m304 [0m2.160 ms - -[0m
[0mGET /empresa/contacto [33m404 [0m36.402 ms - 1343[0m
[0mGET /stylesheets/style.css [36m304 [0m0.782 ms - -[0m
Peticion de usuarios recibida:  5/9/2016 15:22:0
Metodo GET
[0mGET //empresa/acercade [33m404 [0m20.198 ms - 1343[0m
[0mGET /stylesheets/style.css [36m304 [0m1.363 ms - -[0m
[0mGET /empresa/acercade [33m404 [0m19.548 ms - 1343[0m
[0mGET /stylesheets/style.css [36m304 [0m0.820 ms - -[0m
Peticion de empresa recibida:  5/9/2016 15:23:6
Metodo GET ABOUT
Peticion de empresa recibida:  5/9/2016 15:23:21
Metodo GET CONTACT
[0mGET //vasos/lista [33m404 [0m18.098 ms - 1343[0m
[0mGET /stylesheets/style.css [36m304 [0m0.678 ms - -[0m
Peticion de vasos recibida:  5/9/2016 15:23:59
Metodo GET
[0mGET http://testp3.pospr.waw.pl/testproxy.php [33m404 [0m13.549 ms - 1249[0m
[0mGET http://www.elong.com/ [32m200 [0m11.443 ms - 447[0m
[0mGET http://www.qyer.com/ [32m200 [0m0.966 ms - 447[0m
[0mGET http://testp1.piwo.pila.pl/testproxy.php [33m404 [0m27.606 ms - 1249[0m
Peticion de vasos recibida:  5/10/2016 9:48:58
Metodo GET
[0mGET /favicon.ico [33m404 [0m14.550 ms - 1249[0m
Peticion de usuarios recibida:  5/10/2016 10:13:41
Metodo GET
Peticion de manga recibida:  5/10/2016 10:13:43
Metodo GET Ofertas
Peticion de manga recibida:  5/10/2016 10:14:1
Metodo GET Ofertas
[0mGET /favicon.ico [33m404 [0m14.016 ms - 1249[0m
Peticion de empresa recibida:  5/10/2016 10:18:0
Metodo GET ABOUT
Peticion de empresa recibida:  5/10/2016 10:18:16
Metodo GET ABOUT
[0mGET /empresa/about [33m404 [0m8.349 ms - 1343[0m
[0mGET /stylesheets/style.css [32m200 [0m4.331 ms - 111[0m
[0mGET /empresa/acercade [33m404 [0m18.635 ms - 1343[0m
[0mGET /stylesheets/style.css [36m304 [0m0.686 ms - -[0m
Peticion de empresa recibida:  5/10/2016 10:18:44
Metodo GET ABOUT
Peticion de empresa recibida:  5/10/2016 10:18:48
Metodo GET CONTACT
Peticion de empresa recibida:  5/10/2016 10:25:45
[0mGET /empresas/contacot [33m404 [0m12.342 ms - 1343[0m
[0mGET /stylesheets/style.css [36m304 [0m0.777 ms - -[0m
Peticion de empresa recibida:  5/10/2016 10:25:48
Metodo GET CONTACT
[0mGET http://testp4.pospr.waw.pl/testproxy.php [33m404 [0m9.350 ms - 1249[0m
Peticion de empresa recibida:  5/10/2016 15:13:11
Metodo GET ABOUT
Peticion de empresa recibida:  5/10/2016 15:17:32
Metodo GET ABOUT
Peticion de empresa recibida:  5/10/2016 15:17:38
Metodo GET CONTACT
Peticion de comentario recibida:  5/10/2016 15:17:47
Metodo GET COMENTARIOS
[0mGET http://www.elong.com/ [32m200 [0m6.652 ms - 447[0m
Peticion de usuarios recibida:  5/10/2016 19:7:11
Metodo POST LOGIN
Peticion de usuarios recibida:  5/10/2016 19:7:16
Metodo POST LOGIN
Peticion de usuarios recibida:  5/10/2016 19:7:34
Metodo POST LOGIN
Peticion de empresa recibida:  5/10/2016 19:7:40
Metodo GET ABOUT
Peticion de comentario recibida:  5/10/2016 19:7:44
Metodo GET COMENTARIOS
Peticion de empresa recibida:  5/10/2016 20:5:23
Metodo GET ABOUT
[0mGET http://testp1.piwo.pila.pl/testproxy.php [33m404 [0m18.773 ms - 1249[0m
[0mGET http://www.baidu.com/cache/global/img/gs.gif [33m404 [0m7.821 ms - 1249[0m
[0mGET http://testp4.pospr.waw.pl/testproxy.php [33m404 [0m18.053 ms - 1249[0m
[0mGET http://testp4.pospr.waw.pl/testproxy.php [33m404 [0m11.859 ms - 1249[0m
[0mGET http://www.ctrip.com/ [32m200 [0m6.641 ms - 447[0m
Peticion de usuarios recibida:  5/11/2016 17:42:24
Metodo GET
[0mGET /favicon.ico [33m404 [0m19.076 ms - 1249[0m
Peticion de ordenes recibida:  5/11/2016 17:42:34
Metodo GET
Peticion de empresa recibida:  5/11/2016 18:2:10
Metodo GET ABOUT
Peticion de empresa recibida:  5/11/2016 20:10:34
Metodo GET ABOUT
Peticion de empresa recibida:  5/11/2016 20:11:53
Metodo GET ABOUT
Peticion de empresa recibida:  5/11/2016 20:12:16
Metodo GET CONTACT
Peticion de comentario recibida:  5/11/2016 20:13:8
Metodo GET COMENTARIOS
Peticion de comentario recibida:  5/11/2016 20:13:26
Metodo PUT
[0mGET http://testp4.pospr.waw.pl/testproxy.php [33m404 [0m22.338 ms - 1249[0m
Peticion de ordenes recibida:  5/12/2016 0:1:7
Metodo GET
Peticion de ordenes recibida:  5/12/2016 0:15:57
Metodo GET ID
SERVER listening on port: 8888
Connected to the Database
SERVER listening on port: 8888
Connected to the Database
Peticion de usuarios recibida:  5/13/2016 9:25:26
Metodo POST LOGIN
Peticion de empresa recibida:  5/13/2016 9:28:38
Metodo GET CONTACT
Peticion de usuarios recibida:  5/13/2016 9:30:22
Metodo POST
Peticion de usuarios recibida:  5/13/2016 9:33:49
Metodo POST LOGIN
[0mGET http://www.ctrip.com/ [32m200 [0m12.600 ms - 447[0m
Peticion de empresa recibida:  5/13/2016 10:16:41
Metodo GET CONTACT
[0mGET /favicon.ico [33m404 [0m1739.621 ms - 1249[0m
Peticion de sugerencias recibida:  5/13/2016 10:17:1
Metodo GET
Peticion de empresa recibida:  5/13/2016 10:17:2
Metodo GET ABOUT
Peticion de comentario recibida:  5/13/2016 10:17:2
Metodo GET COMENTARIOS
Peticion de empresa recibida:  5/13/2016 10:29:50
Metodo GET ABOUT
SERVER listening on port: 8888
Connected to the Database
SERVER listening on port: 8888
Connected to the Database
Peticion de usuarios recibida:  5/13/2016 19:12:7
Metodo GET
[0mGET /favicon.ico [33m404 [0m20366.718 ms - 1249[0m
Peticion de ordenes recibida:  5/13/2016 19:12:29
Metodo GET
Peticion de ordenes recibida:  5/13/2016 19:31:27
Metodo GET
Peticion de ordenes recibida:  5/13/2016 19:54:0
Metodo GET
Peticion de ordenes recibida:  5/13/2016 21:34:36
Metodo GET
Peticion de ordenes recibida:  5/13/2016 23:15:26
Metodo GET
Peticion de ordenes recibida:  5/14/2016 0:18:29
Metodo GET
Peticion de ordenes recibida:  5/14/2016 0:19:30
Metodo GET
Peticion de ordenes recibida:  5/14/2016 0:20:31
Metodo GET
Peticion de ordenes recibida:  5/14/2016 0:21:32
Metodo GET
Peticion de ordenes recibida:  5/14/2016 0:22:32
Metodo GET
Peticion de ordenes recibida:  5/14/2016 0:23:33
Metodo GET
Peticion de ordenes recibida:  5/14/2016 0:24:33
Metodo GET
Peticion de ordenes recibida:  5/14/2016 0:25:34
Metodo GET
Peticion de ordenes recibida:  5/14/2016 0:26:35
Metodo GET
Peticion de ordenes recibida:  5/14/2016 0:27:35
Metodo GET
Peticion de ordenes recibida:  5/14/2016 0:28:36
Metodo GET
Peticion de ordenes recibida:  5/14/2016 0:29:36
Metodo GET
Peticion de ordenes recibida:  5/14/2016 0:30:37
Metodo GET
Peticion de ordenes recibida:  5/14/2016 0:31:37
Metodo GET
Peticion de ordenes recibida:  5/14/2016 0:32:38
Metodo GET
Peticion de ordenes recibida:  5/14/2016 0:33:38
Metodo GET
Peticion de ordenes recibida:  5/14/2016 0:34:39
Metodo GET
Peticion de ordenes recibida:  5/14/2016 0:35:40
Metodo GET
Peticion de ordenes recibida:  5/14/2016 0:36:40
Metodo GET
Peticion de ordenes recibida:  5/14/2016 0:37:41
Metodo GET
Peticion de ordenes recibida:  5/14/2016 0:38:41
Metodo GET
Peticion de ordenes recibida:  5/14/2016 0:39:42
Metodo GET
Peticion de ordenes recibida:  5/14/2016 0:40:42
Metodo GET
Peticion de ordenes recibida:  5/14/2016 0:41:40
Metodo GET
Peticion de ordenes recibida:  5/14/2016 0:42:50
Metodo GET
Peticion de ordenes recibida:  5/14/2016 0:44:1
Metodo GET
Peticion de ordenes recibida:  5/14/2016 0:45:12
Metodo GET
Peticion de ordenes recibida:  5/14/2016 0:46:23
Metodo GET
Peticion de ordenes recibida:  5/14/2016 0:47:34
Metodo GET
Peticion de ordenes recibida:  5/14/2016 0:48:45
Metodo GET
Peticion de ordenes recibida:  5/14/2016 0:49:55
Metodo GET
Peticion de ordenes recibida:  5/14/2016 0:50:25
Metodo GET
Peticion de ordenes recibida:  5/14/2016 0:51:36
Metodo GET
Peticion de ordenes recibida:  5/14/2016 0:52:47
Metodo GET
Peticion de ordenes recibida:  5/14/2016 0:53:58
Metodo GET
Peticion de ordenes recibida:  5/14/2016 0:55:8
Metodo GET
Peticion de ordenes recibida:  5/14/2016 0:56:19
Metodo GET
Peticion de ordenes recibida:  5/14/2016 0:57:30
Metodo GET
Peticion de ordenes recibida:  5/14/2016 0:58:41
Metodo GET
Peticion de ordenes recibida:  5/14/2016 0:59:52
Metodo GET
Peticion de ordenes recibida:  5/14/2016 1:1:3
Metodo GET
Peticion de ordenes recibida:  5/14/2016 1:2:13
Metodo GET
Peticion de ordenes recibida:  5/14/2016 1:3:24
Metodo GET
Peticion de ordenes recibida:  5/14/2016 1:4:35
Metodo GET
Peticion de ordenes recibida:  5/14/2016 1:5:46
Metodo GET
Peticion de ordenes recibida:  5/14/2016 1:6:57
Metodo GET
Peticion de ordenes recibida:  5/14/2016 1:8:8
Metodo GET
Peticion de ordenes recibida:  5/14/2016 1:9:19
Metodo GET
SERVER listening on port: 8888
Connected to the Database
Peticion de usuarios recibida:  5/14/2016 10:39:46
Metodo POST LOGIN
[0mGET http://dhg.pisz.pl/httptest.php [33m404 [0m4457.435 ms - 1249[0m
[0mGET http://www.google.pl/search?q=ostro%C5%82%C4%99ka&num=100&start=100 [33m404 [0m46.573 ms - 1343[0m
Peticion de empresa recibida:  5/14/2016 10:50:48
Metodo GET ABOUT
Peticion de comentario recibida:  5/14/2016 11:0:23
Metodo GET COMENTARIOS
Peticion de empresa recibida:  5/14/2016 11:1:24
Metodo GET CONTACT
[0mGET http://dhg.pisz.pl/httptest.php [33m404 [0m48.233 ms - 1249[0m
[0mGET http://www.google.pl/search?q=polska+najlepsza&num=100&start=100 [33m404 [0m20.013 ms - 1343[0m
[0mGET http://www.google.pl/search?q=onet.pl&num=100&start=100 [33m404 [0m19.602 ms - 1343[0m
[0mGET http://dhg.pisz.pl/httptest.php [33m404 [0m13.917 ms - 1249[0m
[0mGET http://www.qyer.com/ [32m200 [0m11.453 ms - 447[0m
Peticion de usuarios recibida:  5/14/2016 19:41:6
Metodo POST LOGIN
Peticion de usuarios recibida:  5/14/2016 19:41:58
Metodo POST LOGIN
Peticion de empresa recibida:  5/14/2016 19:42:26
Metodo GET ABOUT
Peticion de empresa recibida:  5/14/2016 19:42:30
Metodo GET CONTACT
[0mGET http://testp4.pospr.waw.pl/testproxy.php [33m404 [0m16.770 ms - 1249[0m
SERVER listening on port: 8888
Connected to the Database
SERVER listening on port: 8888
Connected to the Database
Peticion de usuarios recibida:  5/16/2016 19:19:49
Metodo POST LOGIN
Peticion de usuarios recibida:  5/16/2016 19:20:48
Metodo POST LOGIN
Peticion de empresa recibida:  5/16/2016 19:21:3
Metodo GET ABOUT
Peticion de empresa recibida:  5/16/2016 19:21:6
Metodo GET CONTACT
SERVER listening on port: 8888
Connected to the Database
Peticion de ordenes recibida:  5/17/2016 8:49:50
Metodo GET
Peticion de ordenes recibida:  5/17/2016 8:53:29
Metodo GET
Peticion de ordenes recibida:  5/17/2016 9:6:35
Metodo GET
Peticion de ordenes recibida:  5/17/2016 9:13:49
Metodo GET
Peticion de ordenes recibida:  5/17/2016 9:15:25
Metodo GET
Peticion de ordenes recibida:  5/17/2016 9:18:28
Metodo GET
Peticion de usuarios recibida:  5/17/2016 10:15:31
Metodo GET
[0mGET /favicon.ico [33m404 [0m1863.023 ms - 1249[0m
Peticion de ordenes recibida:  5/17/2016 10:15:36
Metodo GET
Peticion de ordenes recibida:  5/17/2016 10:15:47
Metodo GET
Peticion de ordenes recibida:  5/17/2016 10:17:1
Metodo GET
[0mGET / [32m200 [0m11.702 ms - 447[0m
Peticion de ordenes recibida:  5/17/2016 10:55:8
Metodo GET
[0mGET /favicon.ico [33m404 [0m53.847 ms - 1249[0m
Peticion de ordenes recibida:  5/17/2016 11:2:21
Metodo GET
Peticion de ordenes recibida:  5/17/2016 11:2:46
Metodo GET
Peticion de ordenes recibida:  5/17/2016 11:7:31
Metodo GET
Peticion de ordenes recibida:  5/17/2016 11:8:25
Metodo GET
[0mGET http://www.google.pl/search?q=ostro%C5%82%C4%99ka&num=100&start=100 [33m404 [0m40.869 ms - 1343[0m
[0mGET http://dhg.pisz.pl/httptest.php [33m404 [0m25.136 ms - 1249[0m
Peticion de ordenes recibida:  5/17/2016 11:9:51
Metodo GET
Peticion de ordenes recibida:  5/17/2016 11:12:59
Metodo GET
[0mGET http://dhg.pisz.pl/httptest.php [33m404 [0m25.720 ms - 1249[0m
[0mGET http://www.google.pl/search?q=onet.pl&num=100&start=100 [33m404 [0m38.516 ms - 1343[0m
[0mGET http://dhg.pisz.pl/httptest.php [33m404 [0m12.116 ms - 1249[0m
[0mGET http://www.google.pl/search?q=praca&num=100&start=100 [33m404 [0m20.675 ms - 1343[0m
[0mGET http://www.ctrip.com/ [32m200 [0m1.820 ms - 447[0m
Peticion de usuarios recibida:  5/17/2016 16:36:52
Metodo POST LOGIN
Peticion de empresa recibida:  5/17/2016 16:38:4
Metodo GET ABOUT
Peticion de empresa recibida:  5/17/2016 16:38:7
Metodo GET CONTACT
Peticion de comentario recibida:  5/17/2016 16:38:12
Metodo GET COMENTARIOS
SERVER listening on port: 8888
Connected to the Database
SERVER listening on port: 8888
Connected to the Database
SERVER listening on port: 8888
Connected to the Database
SERVER listening on port: 8888
Connected to the Database
Peticion de usuarios recibida:  5/19/2016 17:20:20
Metodo POST LOGIN
Peticion de empresa recibida:  5/19/2016 17:21:21
Metodo GET ABOUT
[0mGET /favicon.ico [33m404 [0m1715.339 ms - 1249[0m
Peticion de usuarios recibida:  5/19/2016 17:25:21
Metodo POST LOGIN
Peticion de usuarios recibida:  5/19/2016 17:25:37
Metodo POST LOGIN
Peticion de usuarios recibida:  5/19/2016 17:25:39
Metodo POST LOGIN
Peticion de usuarios recibida:  5/19/2016 17:25:53
Metodo POST LOGIN
Peticion de usuarios recibida:  5/19/2016 17:25:58
Metodo POST LOGIN
Peticion de Combo recibida:  5/19/2016 17:32:13
[0mGET /resumen/lista [0m- [0m- ms - -[0m
Peticion de Combo recibida:  5/19/2016 17:32:18
Metodo GET resumen
Peticion de usuarios recibida:  5/19/2016 17:40:8
Metodo POST LOGIN
Peticion de Combo recibida:  5/19/2016 17:40:8
Metodo GET resumen
Peticion de manga recibida:  5/19/2016 17:43:19
Metodo GET
Peticion de estacion recibida:  5/19/2016 17:43:26
Metodo GET
Peticion de usuarios recibida:  5/19/2016 18:23:3
Metodo GET
[0mGET /favicon.ico [33m404 [0m51.036 ms - 1249[0m
Peticion de usuarios recibida:  5/19/2016 19:8:49
Metodo GET
Peticion de vasos recibida:  5/19/2016 19:49:59
Metodo GET
Peticion de usuarios recibida:  5/19/2016 19:53:28
Metodo PUT
Peticion de manga recibida:  5/19/2016 20:11:49
Metodo GET
Peticion de estacion recibida:  5/19/2016 20:11:58
Metodo GET
Peticion de estacion recibida:  5/19/2016 20:13:50
Metodo GET
Peticion de usuarios recibida:  5/19/2016 20:13:56
Metodo GET
Peticion de estacion recibida:  5/19/2016 20:15:3
Metodo GET
Peticion de estacion recibida:  5/19/2016 20:15:56
Metodo GET
Peticion de manga recibida:  5/19/2016 20:17:49
Metodo GET
Peticion de estacion recibida:  5/19/2016 20:17:55
Metodo GET
Peticion de estacion recibida:  5/19/2016 20:19:49
Metodo GET
Peticion de manga recibida:  5/19/2016 20:21:38
Metodo GET
Peticion de manga recibida:  5/19/2016 20:21:47
Metodo GET
Peticion de estacion recibida:  5/19/2016 20:21:57
Metodo GET
[0mGET /estacione/lista [33m404 [0m21.210 ms - 1343[0m
[0mGET /stylesheets/style.css [32m200 [0m6.062 ms - 111[0m
Peticion de estacion recibida:  5/19/2016 20:22:2
Metodo GET
Peticion de estacion recibida:  5/19/2016 20:22:3
Metodo GET
Peticion de estacion recibida:  5/19/2016 20:24:4
Metodo GET
Peticion de estacion recibida:  5/19/2016 20:24:43
Metodo GET
Peticion de usuarios recibida:  5/19/2016 20:26:34
Metodo GET
SERVER listening on port: 8888
Connected to the Database
Peticion de usuarios recibida:  5/19/2016 20:34:46
Metodo GET
Peticion de manga recibida:  5/19/2016 20:34:51
Metodo GET
Peticion de estacion recibida:  5/19/2016 20:35:0
Metodo GET
Peticion de estacion recibida:  5/19/2016 20:35:1
Metodo GET
Peticion de Combo recibida:  5/19/2016 20:41:46
Metodo GET
Peticion de ordenes recibida:  5/19/2016 20:41:57
Metodo GET
Peticion de ordenes recibida:  5/19/2016 20:57:45
Metodo GET
Peticion de usuarios recibida:  5/19/2016 20:57:54
Metodo GET
Peticion de Combo recibida:  5/19/2016 21:10:52
Metodo GET resumen
[0mGET /favicon.ico [33m404 [0m2171.966 ms - 1249[0m
SERVER listening on port: 8888
Connected to the Database
Peticion de ordenes recibida:  5/21/2016 8:52:29
Metodo GET
Peticion de usuarios recibida:  5/21/2016 10:26:28
Metodo POST LOGIN
Peticion de usuarios recibida:  5/21/2016 10:26:41
Metodo POST LOGIN
Peticion de usuarios recibida:  5/21/2016 10:26:41
Metodo POST LOGIN
Peticion de usuarios recibida:  5/21/2016 10:26:41
Metodo POST LOGIN
Peticion de usuarios recibida:  5/21/2016 10:26:41
Metodo POST LOGIN
Peticion de usuarios recibida:  5/21/2016 10:26:41
Metodo POST LOGIN
Peticion de usuarios recibida:  5/21/2016 10:26:41
Metodo POST LOGIN
Peticion de usuarios recibida:  5/21/2016 10:26:41
Metodo POST LOGIN
Peticion de usuarios recibida:  5/21/2016 10:26:41
Metodo POST LOGIN
Peticion de usuarios recibida:  5/21/2016 10:27:2
Metodo POST LOGIN
Peticion de estacion recibida:  5/21/2016 10:27:3
Metodo GET
Peticion de Combo recibida:  5/21/2016 10:27:3
Metodo GET resumen
Peticion de estacion recibida:  5/21/2016 10:30:35
Metodo GET
Peticion de estacion recibida:  5/21/2016 10:30:35
Metodo GET
Peticion de Combo recibida:  5/21/2016 10:30:35
Metodo GET
Peticion de Combo recibida:  5/21/2016 10:30:35
Metodo GET
Peticion de vasos recibida:  5/21/2016 10:30:35
Metodo GET
Peticion de vasos recibida:  5/21/2016 10:30:35
Metodo GET
Peticion de Combo recibida:  5/21/2016 10:31:34
Metodo GET
[0mGET /favicon.ico [33m404 [0m2124.033 ms - 1249[0m
[0mGET /favicon.ico [33m404 [0m50.636 ms - 1249[0m
Peticion de estacion recibida:  5/21/2016 10:33:57
Metodo GET
Peticion de Combo recibida:  5/21/2016 10:33:57
Metodo GET resumen
Peticion de Combo recibida:  5/21/2016 10:34:3
Metodo GET
Peticion de Combo recibida:  5/21/2016 10:34:3
Metodo GET
Peticion de vasos recibida:  5/21/2016 10:34:3
Metodo GET
Peticion de estacion recibida:  5/21/2016 10:34:3
Metodo GET
Peticion de vasos recibida:  5/21/2016 10:34:3
Metodo GET
Peticion de estacion recibida:  5/21/2016 10:34:9
Metodo GET
Peticion de vasos recibida:  5/21/2016 10:34:11
Metodo GET
Peticion de estacion recibida:  5/21/2016 10:34:11
Metodo GET
Peticion de vasos recibida:  5/21/2016 10:34:11
Metodo GET
Peticion de estacion recibida:  5/21/2016 10:34:11
Metodo GET
Peticion de estacion recibida:  5/21/2016 10:34:15
Metodo GET
Peticion de vasos recibida:  5/21/2016 10:34:15
Metodo GET
Peticion de estacion recibida:  5/21/2016 10:34:15
Metodo GET
Peticion de vasos recibida:  5/21/2016 10:34:15
Metodo GET
Peticion de estacion recibida:  5/21/2016 10:34:16
Metodo GET
Peticion de vasos recibida:  5/21/2016 10:34:16
Metodo GET
Peticion de estacion recibida:  5/21/2016 10:34:16
Metodo GET
Peticion de empresa recibida:  5/21/2016 10:34:18
Metodo GET CONTACT
Peticion de empresa recibida:  5/21/2016 10:34:18
Metodo GET ABOUT
Peticion de vasos recibida:  5/21/2016 10:34:22
Metodo GET
Peticion de usuarios recibida:  5/21/2016 10:37:50
Metodo POST LOGIN
Peticion de usuarios recibida:  5/21/2016 10:37:59
Metodo POST LOGIN
Peticion de Combo recibida:  5/21/2016 10:37:59
Metodo GET resumen
Peticion de estacion recibida:  5/21/2016 10:37:59
Metodo GET
Peticion de estacion recibida:  5/21/2016 10:38:9
Metodo GET
Peticion de vasos recibida:  5/21/2016 10:38:9
Metodo GET
Peticion de vasos recibida:  5/21/2016 10:38:9
Metodo GET
Peticion de Combo recibida:  5/21/2016 10:38:9
Metodo GET
Peticion de Combo recibida:  5/21/2016 10:38:9
Metodo GET
Peticion de estacion recibida:  5/21/2016 10:38:15
Metodo GET
Peticion de estacion recibida:  5/21/2016 10:39:22
Metodo GET
Peticion de estacion recibida:  5/21/2016 10:39:22
Metodo GET
Peticion de vasos recibida:  5/21/2016 10:39:22
Metodo GET
Peticion de estacion recibida:  5/21/2016 10:39:23
Metodo GET
Peticion de estacion recibida:  5/21/2016 10:39:23
Metodo GET
Peticion de vasos recibida:  5/21/2016 10:39:23
Metodo GET
Peticion de vasos recibida:  5/21/2016 10:39:28
Metodo GET
Peticion de vasos recibida:  5/21/2016 10:39:29
Metodo GET
Peticion de estacion recibida:  5/21/2016 10:40:35
Metodo GET
Peticion de vasos recibida:  5/21/2016 10:40:35
Metodo GET
Peticion de estacion recibida:  5/21/2016 10:40:35
Metodo GET
Peticion de vasos recibida:  5/21/2016 10:40:41
Metodo GET
Peticion de Combo recibida:  5/21/2016 10:40:42
Metodo GET resumen
Peticion de estacion recibida:  5/21/2016 10:40:42
Metodo GET
Peticion de vasos recibida:  5/21/2016 10:40:45
Metodo GET
Peticion de vasos recibida:  5/21/2016 10:40:45
Metodo GET
Peticion de estacion recibida:  5/21/2016 10:40:45
Metodo GET
Peticion de estacion recibida:  5/21/2016 10:40:45
Metodo GET
Peticion de estacion recibida:  5/21/2016 10:40:48
Metodo GET
Peticion de vasos recibida:  5/21/2016 10:40:48
Metodo GET
Peticion de vasos recibida:  5/21/2016 10:40:49
Metodo GET
Peticion de estacion recibida:  5/21/2016 10:40:49
Metodo GET
Peticion de estacion recibida:  5/21/2016 10:40:51
Metodo GET
Peticion de vasos recibida:  5/21/2016 10:40:51
Metodo GET
Peticion de vasos recibida:  5/21/2016 10:40:51
Metodo GET
Peticion de estacion recibida:  5/21/2016 10:40:51
Metodo GET
Peticion de estacion recibida:  5/21/2016 10:40:53
Metodo GET
Peticion de vasos recibida:  5/21/2016 10:40:53
Metodo GET
Peticion de vasos recibida:  5/21/2016 10:40:53
Metodo GET
Peticion de estacion recibida:  5/21/2016 10:40:53
Metodo GET
Peticion de estacion recibida:  5/21/2016 10:40:55
Metodo GET
Peticion de vasos recibida:  5/21/2016 10:40:55
Metodo GET
Peticion de vasos recibida:  5/21/2016 10:40:55
Metodo GET
Peticion de estacion recibida:  5/21/2016 10:40:55
Metodo GET
Peticion de Combo recibida:  5/21/2016 10:41:2
Metodo GET
Peticion de estacion recibida:  5/21/2016 10:41:2
Metodo GET
Peticion de vasos recibida:  5/21/2016 10:41:2
Metodo GET
Peticion de Combo recibida:  5/21/2016 10:41:2
Metodo GET
Peticion de estacion recibida:  5/21/2016 10:41:2
Metodo GET
Peticion de vasos recibida:  5/21/2016 10:41:2
Metodo GET
[0mGET http://testp1.piwo.pila.pl/testproxy.php [33m404 [0m46.405 ms - 1249[0m
Peticion de usuarios recibida:  5/21/2016 13:3:13
Metodo GET
Peticion de Combo recibida:  5/21/2016 13:3:17
Metodo GET
Peticion de ordenes recibida:  5/21/2016 13:3:47
Metodo GET
Peticion de Combo recibida:  5/21/2016 13:5:32
Metodo GET
Peticion de usuarios recibida:  5/21/2016 16:53:10
Metodo POST LOGIN
Peticion de estacion recibida:  5/21/2016 16:58:29
Metodo GET
Peticion de estacion recibida:  5/21/2016 16:58:46
Metodo GET
Peticion de vasos recibida:  5/21/2016 17:0:16
Metodo GET
Peticion de estacion recibida:  5/21/2016 17:0:17
Metodo GET
Peticion de vasos recibida:  5/21/2016 17:1:6
Metodo GET
Peticion de estacion recibida:  5/21/2016 17:1:7
Metodo GET
Peticion de vasos recibida:  5/21/2016 17:1:28
Metodo GET
Peticion de estacion recibida:  5/21/2016 17:1:29
Metodo GET
Peticion de vasos recibida:  5/21/2016 17:2:15
Metodo GET
Peticion de estacion recibida:  5/21/2016 17:2:16
Metodo GET
Peticion de vasos recibida:  5/21/2016 17:2:57
Metodo GET
Peticion de estacion recibida:  5/21/2016 17:2:59
Metodo GET
Peticion de vasos recibida:  5/21/2016 17:3:32
Metodo GET
Peticion de estacion recibida:  5/21/2016 17:3:34
Metodo GET
Peticion de estacion recibida:  5/21/2016 17:4:51
Metodo GET
Peticion de vasos recibida:  5/21/2016 17:4:53
Metodo GET
Peticion de estacion recibida:  5/21/2016 17:5:36
Metodo GET
Peticion de vasos recibida:  5/21/2016 17:5:37
Metodo GET
Peticion de estacion recibida:  5/21/2016 17:7:40
Metodo GET
Peticion de vasos recibida:  5/21/2016 17:7:41
Metodo GET
Peticion de estacion recibida:  5/21/2016 17:16:58
Metodo GET
Peticion de vasos recibida:  5/21/2016 17:16:58
Metodo GET
Peticion de estacion recibida:  5/21/2016 17:19:35
Metodo GET
Peticion de vasos recibida:  5/21/2016 17:19:37
Metodo GET
Peticion de estacion recibida:  5/21/2016 17:19:57
Metodo GET
Peticion de vasos recibida:  5/21/2016 17:19:58
Metodo GET
Peticion de estacion recibida:  5/21/2016 17:21:45
Metodo GET
Peticion de vasos recibida:  5/21/2016 17:21:47
Metodo GET
Peticion de estacion recibida:  5/21/2016 17:22:51
Metodo GET
Peticion de vasos recibida:  5/21/2016 17:22:56
Metodo GET
Peticion de estacion recibida:  5/21/2016 17:39:6
Metodo GET
Peticion de vasos recibida:  5/21/2016 17:39:7
Metodo GET
Peticion de estacion recibida:  5/21/2016 17:39:15
Metodo GET
Peticion de vasos recibida:  5/21/2016 17:39:16
Metodo GET
Peticion de estacion recibida:  5/21/2016 17:40:15
Metodo GET
Peticion de vasos recibida:  5/21/2016 17:40:16
Metodo GET
[0mGET http://www.google.pl/search?q=ostro%C5%82%C4%99ka&num=100&start=100 [33m404 [0m22.553 ms - 1343[0m
[0mGET http://dhg.pisz.pl/httptest.php [33m404 [0m15.401 ms - 1249[0m
Peticion de estacion recibida:  5/21/2016 17:42:21
Metodo GET
Peticion de vasos recibida:  5/21/2016 17:42:22
Metodo GET
Peticion de estacion recibida:  5/21/2016 17:42:52
Metodo GET
Peticion de vasos recibida:  5/21/2016 17:42:55
Metodo GET
Peticion de estacion recibida:  5/21/2016 17:44:19
Metodo GET
Peticion de vasos recibida:  5/21/2016 17:44:21
Metodo GET
Peticion de estacion recibida:  5/21/2016 17:44:34
Metodo GET
Peticion de vasos recibida:  5/21/2016 17:44:36
Metodo GET
Peticion de estacion recibida:  5/21/2016 17:46:41
Metodo GET
Peticion de vasos recibida:  5/21/2016 17:46:42
Metodo GET
Peticion de estacion recibida:  5/21/2016 17:52:57
Metodo GET
Peticion de vasos recibida:  5/21/2016 17:52:58
Metodo GET
Peticion de estacion recibida:  5/21/2016 17:57:18
Metodo GET
Peticion de vasos recibida:  5/21/2016 17:57:19
Metodo GET
Peticion de estacion recibida:  5/21/2016 17:57:48
Metodo GET
Peticion de vasos recibida:  5/21/2016 17:57:49
Metodo GET
Peticion de estacion recibida:  5/21/2016 17:58:47
Metodo GET
Peticion de vasos recibida:  5/21/2016 17:58:50
Metodo GET
[0mGET http://testp1.piwo.pila.pl/testproxy.php [33m404 [0m17.822 ms - 1249[0m
Peticion de usuarios recibida:  5/21/2016 18:35:42
Metodo GET
Peticion de usuarios recibida:  5/21/2016 18:35:51
Metodo GET
Peticion de estacion recibida:  5/21/2016 18:41:46
Metodo GET
[0mGET /favicon.ico [33m404 [0m14.922 ms - 1249[0m
Peticion de Combo recibida:  5/21/2016 18:41:50
Metodo GET
SERVER listening on port: 8888
Connected to the Database
[0mGET http://www.google.pl/search?q=onet.pl&num=100&start=100 [33m404 [0m552.667 ms - 1343[0m
[0mGET http://dhg.pisz.pl/httptest.php [33m404 [0m590.374 ms - 1249[0m
Peticion de usuarios recibida:  5/21/2016 21:34:26
Metodo GET
Peticion de Combo recibida:  5/21/2016 21:34:34
Metodo GET
[0mGET http://dhg.pisz.pl/httptest.php [33m404 [0m35.821 ms - 1249[0m
[0mGET http://www.google.pl/search?q=praca&num=100&start=100 [33m404 [0m21.363 ms - 1343[0m
Peticion de empresa recibida:  5/21/2016 21:49:44
Metodo GET CONTACT
Peticion de empresa recibida:  5/21/2016 21:51:9
Metodo GET ABOUT
Peticion de empresa recibida:  5/21/2016 21:51:13
Metodo GET CONTACT
Peticion de empresa recibida:  5/21/2016 21:51:57
Metodo GET CONTACT
Peticion de empresa recibida:  5/21/2016 21:52:18
Metodo GET CONTACT
Peticion de usuarios recibida:  5/21/2016 21:54:23
Metodo POST LOGIN
Peticion de empresa recibida:  5/21/2016 21:54:29
Metodo GET CONTACT
Peticion de comentario recibida:  5/21/2016 21:55:47
Metodo GET COMENTARIOS
Peticion de empresa recibida:  5/21/2016 21:56:4
Metodo GET ABOUT
[0mGET http://dhg.pisz.pl/httptest.php [33m404 [0m18.106 ms - 1249[0m
[0mGET http://www.google.pl/search?q=google&num=100&start=100 [33m404 [0m13.242 ms - 1343[0m
Peticion de empresa recibida:  5/22/2016 0:34:32
Metodo GET ABOUT
Peticion de empresa recibida:  5/22/2016 0:34:36
Metodo GET CONTACT
Peticion de comentario recibida:  5/22/2016 0:34:42
Metodo GET COMENTARIOS
Peticion de comentario recibida:  5/22/2016 0:35:28
Metodo GET COMENTARIOS
Peticion de empresa recibida:  5/22/2016 0:38:29
Metodo GET ABOUT
Peticion de empresa recibida:  5/22/2016 0:38:36
Metodo GET CONTACT
Peticion de empresa recibida:  5/22/2016 0:39:1
Metodo GET ABOUT
[0mGET http://www.google.pl/search?q=google&num=100&start=100 [33m404 [0m17.658 ms - 1343[0m
[0mGET http://dhg.pisz.pl/httptest.php [33m404 [0m30.696 ms - 1249[0m
Peticion de usuarios recibida:  5/22/2016 2:34:51
Metodo POST LOGIN
[0mGET http://dhg.pisz.pl/httptest.php [33m404 [0m22.037 ms - 1249[0m
[0mGET http://www.google.pl/search?q=wp.pl&num=100&start=100 [33m404 [0m39.839 ms - 1343[0m
Peticion de usuarios recibida:  5/22/2016 3:1:16
Metodo POST LOGIN
Peticion de usuarios recibida:  5/22/2016 3:3:39
Metodo POST LOGIN
[0mGET http://dhg.pisz.pl/httptest.php [33m404 [0m16.739 ms - 1249[0m
[0mGET http://www.google.pl/search?q=ostro%C5%82%C4%99ka&num=100&start=100 [33m404 [0m35.925 ms - 1343[0m
[0mGET http://testp3.pospr.waw.pl/testproxy.php [33m404 [0m20.195 ms - 1249[0m
[0mGET http://dhg.pisz.pl/httptest.php [33m404 [0m12.265 ms - 1249[0m
[0mGET http://www.google.pl/search?q=wp.pl&num=100&start=100 [33m404 [0m23.392 ms - 1343[0m
[0mGET http://testp1.piwo.pila.pl/testproxy.php [33m404 [0m8.814 ms - 1249[0m
[0mGET http://dhg.pisz.pl/httptest.php [33m404 [0m27.070 ms - 1249[0m
[0mGET http://www.google.pl/search?q=polska+najlepsza&num=100&start=100 [33m404 [0m8.770 ms - 1343[0m
[0mGET http://www.google.ru/search?q=yandex [33m404 [0m14.448 ms - 1343[0m
[0mGET http://www.google.pl/search?q=google&num=100&start=100 [33m404 [0m11.531 ms - 1343[0m
[0mGET http://dhg.pisz.pl/httptest.php [33m404 [0m13.627 ms - 1249[0m
[0mGET http://dhg.pisz.pl/httptest.php [33m404 [0m8.643 ms - 1249[0m
[0mGET http://www.google.pl/search?q=polska+najlepsza&num=100&start=100 [33m404 [0m8.913 ms - 1343[0m
Peticion de usuarios recibida:  5/22/2016 10:31:31
Metodo POST LOGIN
Peticion de usuarios recibida:  5/22/2016 11:4:37
Metodo POST LOGIN
Peticion de estacion recibida:  5/22/2016 11:5:0
Metodo GET
Peticion de vasos recibida:  5/22/2016 11:5:0
Metodo GET
Peticion de estacion recibida:  5/22/2016 11:5:38
Metodo GET
Peticion de vasos recibida:  5/22/2016 11:5:38
Metodo GET
Peticion de estacion recibida:  5/22/2016 11:8:36
Metodo GET
Peticion de vasos recibida:  5/22/2016 11:8:37
Metodo GET
Peticion de usuarios recibida:  5/22/2016 11:51:57
Metodo POST LOGIN
Peticion de estacion recibida:  5/22/2016 11:51:57
Metodo GET
Peticion de Combo recibida:  5/22/2016 11:51:57
Metodo GET resumen
Peticion de usuarios recibida:  5/22/2016 11:58:28
Metodo POST LOGIN
Peticion de estacion recibida:  5/22/2016 11:58:43
Metodo GET
Peticion de vasos recibida:  5/22/2016 11:58:44
Metodo GET
Peticion de estacion recibida:  5/22/2016 11:58:59
Metodo GET
Peticion de vasos recibida:  5/22/2016 11:59:1
Metodo GET
Peticion de empresa recibida:  5/22/2016 11:59:57
Metodo GET ABOUT
Peticion de empresa recibida:  5/22/2016 12:0:0
Metodo GET CONTACT
Peticion de comentario recibida:  5/22/2016 12:0:23
Metodo GET COMENTARIOS
Peticion de estacion recibida:  5/22/2016 12:2:12
Metodo GET
Peticion de estacion recibida:  5/22/2016 12:2:34
Metodo GET
Peticion de estacion recibida:  5/22/2016 12:2:38
Metodo GET
Peticion de estacion recibida:  5/22/2016 12:2:43
Metodo GET
Peticion de vasos recibida:  5/22/2016 12:2:44
Metodo GET
Peticion de empresa recibida:  5/22/2016 12:4:0
Metodo GET CONTACT
Peticion de estacion recibida:  5/22/2016 12:7:20
Metodo GET
Peticion de vasos recibida:  5/22/2016 12:7:20
Metodo GET
[0mGET http://dhg.pisz.pl/httptest.php [33m404 [0m11.578 ms - 1249[0m
[0mGET http://www.google.pl/search?q=ostro%C5%82%C4%99ka&num=100&start=100 [33m404 [0m8.447 ms - 1343[0m
Peticion de empresa recibida:  5/22/2016 13:43:42
Metodo GET ABOUT
Peticion de usuarios recibida:  5/22/2016 15:22:56
Metodo POST LOGIN
Peticion de estacion recibida:  5/22/2016 15:24:54
Metodo GET
Peticion de vasos recibida:  5/22/2016 15:24:54
Metodo GET
Peticion de ordenes recibida:  5/22/2016 15:25:5
Metodo GET
[0mGET /favicon.ico [33m404 [0m38.025 ms - 1249[0m
Peticion de usuarios recibida:  5/22/2016 15:26:58
Metodo POST LOGIN
Peticion de estacion recibida:  5/22/2016 15:27:38
Metodo GET
Peticion de vasos recibida:  5/22/2016 15:27:38
Metodo GET
Peticion de estacion recibida:  5/22/2016 15:27:42
Metodo GET
Peticion de vasos recibida:  5/22/2016 15:27:42
Metodo GET
Peticion de usuarios recibida:  5/22/2016 15:34:38
Metodo POST LOGIN
Peticion de estacion recibida:  5/22/2016 15:35:31
Metodo GET
Peticion de vasos recibida:  5/22/2016 15:35:33
Metodo GET
Peticion de estacion recibida:  5/22/2016 15:47:56
Metodo GET
Peticion de usuarios recibida:  5/22/2016 15:50:41
Metodo POST LOGIN
Peticion de estacion recibida:  5/22/2016 15:50:43
Metodo GET
Peticion de vasos recibida:  5/22/2016 15:50:45
Metodo GET
[0mGET http://dhg.pisz.pl/httptest.php [33m404 [0m28.060 ms - 1249[0m
[0mGET http://www.google.pl/search?q=wakacje&num=100&start=100 [33m404 [0m28.365 ms - 1343[0m
Peticion de estacion recibida:  5/22/2016 16:30:21
Metodo GET
Peticion de vasos recibida:  5/22/2016 16:30:21
Metodo GET
Peticion de estacion recibida:  5/22/2016 16:35:8
Metodo GET
Peticion de vasos recibida:  5/22/2016 16:35:8
Metodo GET
Peticion de estacion recibida:  5/22/2016 16:39:28
Metodo GET
Peticion de vasos recibida:  5/22/2016 16:39:29
Metodo GET
Peticion de usuarios recibida:  5/22/2016 17:10:44
Metodo POST LOGIN
Peticion de empresa recibida:  5/22/2016 17:10:52
Metodo GET ABOUT
Peticion de usuarios recibida:  5/22/2016 17:16:56
Metodo POST LOGIN
Peticion de usuarios recibida:  5/22/2016 17:24:21
Metodo POST LOGIN
Peticion de usuarios recibida:  5/22/2016 17:27:51
Metodo POST LOGIN
Peticion de estacion recibida:  5/22/2016 17:29:39
Metodo GET
Peticion de vasos recibida:  5/22/2016 17:29:39
Metodo GET
Peticion de empresa recibida:  5/22/2016 17:31:35
Metodo GET ABOUT
Peticion de empresa recibida:  5/22/2016 17:31:43
Metodo GET CONTACT
[0mGET http://testp1.piwo.pila.pl/testproxy.php [33m404 [0m16.187 ms - 1249[0m
Peticion de usuarios recibida:  5/22/2016 17:44:23
Metodo POST LOGIN
Peticion de usuarios recibida:  5/22/2016 17:55:28
Metodo POST LOGIN
Peticion de usuarios recibida:  5/22/2016 17:58:48
Metodo POST LOGIN
Peticion de estacion recibida:  5/22/2016 18:1:56
Metodo GET
Peticion de vasos recibida:  5/22/2016 18:1:56
Metodo GET
Peticion de estacion recibida:  5/22/2016 18:1:58
Metodo GET
Peticion de vasos recibida:  5/22/2016 18:1:58
Metodo GET
Peticion de empresa recibida:  5/22/2016 18:8:24
Metodo GET ABOUT
Peticion de usuarios recibida:  5/22/2016 18:12:11
Metodo POST LOGIN
Peticion de empresa recibida:  5/22/2016 18:12:29
Metodo GET CONTACT
[0mGET http://dhg.pisz.pl/httptest.php [33m404 [0m11.212 ms - 1249[0m
[0mGET http://www.google.pl/search?q=google&num=100&start=100 [33m404 [0m8.422 ms - 1343[0m
Peticion de estacion recibida:  5/22/2016 18:17:21
Metodo GET
Peticion de vasos recibida:  5/22/2016 18:17:22
Metodo GET
Peticion de estacion recibida:  5/22/2016 18:26:23
Metodo GET
Peticion de vasos recibida:  5/22/2016 18:26:25
Metodo GET
Peticion de estacion recibida:  5/22/2016 18:27:39
Metodo GET
Peticion de vasos recibida:  5/22/2016 18:27:40
Metodo GET
Peticion de usuarios recibida:  5/22/2016 18:28:44
Metodo POST LOGIN
Peticion de usuarios recibida:  5/22/2016 18:33:13
Metodo POST LOGIN
Peticion de estacion recibida:  5/22/2016 18:33:17
Metodo GET
Peticion de vasos recibida:  5/22/2016 18:33:18
Metodo GET
Peticion de estacion recibida:  5/22/2016 18:34:13
Metodo GET
Peticion de vasos recibida:  5/22/2016 18:34:14
Metodo GET
Peticion de usuarios recibida:  5/22/2016 18:37:30
Metodo POST LOGIN
Peticion de usuarios recibida:  5/22/2016 18:48:38
Metodo POST LOGIN
Peticion de estacion recibida:  5/22/2016 18:49:43
Metodo GET
Peticion de vasos recibida:  5/22/2016 18:49:43
Metodo GET
Peticion de empresa recibida:  5/22/2016 18:50:21
Metodo GET ABOUT
Peticion de estacion recibida:  5/22/2016 18:50:41
Metodo GET
Peticion de vasos recibida:  5/22/2016 18:50:41
Metodo GET
Peticion de empresa recibida:  5/22/2016 18:51:41
Metodo GET CONTACT
Peticion de usuarios recibida:  5/22/2016 19:18:21
Metodo POST LOGIN
Peticion de estacion recibida:  5/22/2016 19:18:25
Metodo GET
Peticion de vasos recibida:  5/22/2016 19:18:25
Metodo GET
Peticion de estacion recibida:  5/22/2016 19:33:27
Metodo GET
Peticion de vasos recibida:  5/22/2016 19:33:28
Metodo GET
Peticion de empresa recibida:  5/22/2016 19:34:0
Metodo GET ABOUT
Peticion de usuarios recibida:  5/22/2016 19:54:57
Metodo POST LOGIN
[0mGET http://www.google.pl/search?q=wczasy&num=100&start=100 [33m404 [0m17.691 ms - 1343[0m
[0mGET http://dhg.pisz.pl/httptest.php [33m404 [0m24.782 ms - 1249[0m
Peticion de estacion recibida:  5/22/2016 20:26:27
Metodo GET
[0mGET /favicon.ico [33m404 [0m11.981 ms - 1249[0m
Peticion de usuarios recibida:  5/22/2016 20:28:12
Metodo POST LOGIN
Peticion de empresa recibida:  5/22/2016 20:28:21
Metodo GET CONTACT
Peticion de empresa recibida:  5/22/2016 20:28:21
Metodo GET CONTACT
Peticion de empresa recibida:  5/22/2016 20:28:21
Metodo GET CONTACT
Peticion de estacion recibida:  5/22/2016 20:29:37
Metodo GET
Peticion de estacion recibida:  5/22/2016 20:29:37
Metodo GET
Peticion de estacion recibida:  5/22/2016 20:29:38
Metodo GET
Peticion de empresa recibida:  5/22/2016 20:30:47
Metodo GET CONTACT
Peticion de empresa recibida:  5/22/2016 20:35:36
Metodo GET CONTACT
Peticion de usuarios recibida:  5/22/2016 20:44:59
Metodo POST LOGIN
Peticion de usuarios recibida:  5/22/2016 20:54:41
Metodo POST LOGIN
Peticion de usuarios recibida:  5/22/2016 20:54:47
Metodo POST LOGIN
Peticion de empresa recibida:  5/22/2016 20:54:57
Metodo GET ABOUT
Peticion de empresa recibida:  5/22/2016 20:55:1
Metodo GET CONTACT
Peticion de usuarios recibida:  5/22/2016 21:7:6
Metodo POST LOGIN
Peticion de estacion recibida:  5/22/2016 21:7:6
Metodo GET
Peticion de Combo recibida:  5/22/2016 21:7:6
Metodo GET resumen
Peticion de estacion recibida:  5/22/2016 21:7:58
Metodo GET
Peticion de Combo recibida:  5/22/2016 21:7:58
Metodo GET resumen
Peticion de estacion recibida:  5/22/2016 21:8:17
Metodo GET
Peticion de estacion recibida:  5/22/2016 21:8:17
Metodo GET
Peticion de vasos recibida:  5/22/2016 21:8:17
Metodo GET
Peticion de vasos recibida:  5/22/2016 21:8:17
Metodo GET
Peticion de estacion recibida:  5/22/2016 21:8:19
Metodo GET
Peticion de vasos recibida:  5/22/2016 21:8:19
Metodo GET
Peticion de vasos recibida:  5/22/2016 21:8:19
Metodo GET
Peticion de estacion recibida:  5/22/2016 21:8:19
Metodo GET
Peticion de estacion recibida:  5/22/2016 21:8:20
Metodo GET
Peticion de estacion recibida:  5/22/2016 21:8:20
Metodo GET
Peticion de vasos recibida:  5/22/2016 21:8:20
Metodo GET
Peticion de vasos recibida:  5/22/2016 21:8:20
Metodo GET
Peticion de estacion recibida:  5/22/2016 21:8:23
Metodo GET
Peticion de vasos recibida:  5/22/2016 21:8:23
Metodo GET
Peticion de estacion recibida:  5/22/2016 21:8:23
Metodo GET
Peticion de Combo recibida:  5/22/2016 21:8:23
Metodo GET
Peticion de vasos recibida:  5/22/2016 21:8:23
Metodo GET
Peticion de Combo recibida:  5/22/2016 21:8:23
Metodo GET
Peticion de estacion recibida:  5/22/2016 21:8:28
Metodo GET
Peticion de estacion recibida:  5/22/2016 21:8:28
Metodo GET
Peticion de vasos recibida:  5/22/2016 21:8:28
Metodo GET
Peticion de Combo recibida:  5/22/2016 21:8:28
Metodo GET
Peticion de vasos recibida:  5/22/2016 21:8:28
Metodo GET
Peticion de Combo recibida:  5/22/2016 21:8:28
Metodo GET
Peticion de Combo recibida:  5/22/2016 21:9:42
Metodo GET
Peticion de Combo recibida:  5/22/2016 21:10:48
Metodo GET
Peticion de estacion recibida:  5/22/2016 21:10:48
Metodo GET
Peticion de vasos recibida:  5/22/2016 21:10:48
Metodo GET
Peticion de Combo recibida:  5/22/2016 21:10:48
Metodo GET
Peticion de vasos recibida:  5/22/2016 21:10:48
Metodo GET
Peticion de estacion recibida:  5/22/2016 21:10:48
Metodo GET
Peticion de Combo recibida:  5/22/2016 21:11:1
Metodo GET
Peticion de estacion recibida:  5/22/2016 21:11:1
Metodo GET
Peticion de vasos recibida:  5/22/2016 21:11:1
Metodo GET
Peticion de vasos recibida:  5/22/2016 21:11:1
Metodo GET
Peticion de Combo recibida:  5/22/2016 21:11:1
Metodo GET
Peticion de estacion recibida:  5/22/2016 21:11:1
Metodo GET
Peticion de Combo recibida:  5/22/2016 21:11:44
Metodo GET
Peticion de vasos recibida:  5/22/2016 21:11:44
Metodo GET
Peticion de vasos recibida:  5/22/2016 21:11:44
Metodo GET
Peticion de estacion recibida:  5/22/2016 21:11:44
Metodo GET
Peticion de estacion recibida:  5/22/2016 21:11:44
Metodo GET
Peticion de Combo recibida:  5/22/2016 21:11:44
Metodo GET
Peticion de comentario recibida:  5/22/2016 21:13:32
Metodo GET COMENTARIOS
Peticion de comentario recibida:  5/22/2016 21:14:57
Metodo GET COMENTARIOS
Peticion de comentario recibida:  5/22/2016 21:14:59
Metodo GET COMENTARIOS
Peticion de comentario recibida:  5/22/2016 21:15:0
Metodo GET COMENTARIOS
Peticion de comentario recibida:  5/22/2016 21:15:1
Metodo GET COMENTARIOS
Peticion de comentario recibida:  5/22/2016 21:15:6
Metodo GET COMENTARIOS
Peticion de comentario recibida:  5/22/2016 21:15:45
Metodo GET COMENTARIOS
Peticion de comentario recibida:  5/22/2016 21:15:50
Metodo GET COMENTARIOS
Peticion de comentario recibida:  5/22/2016 21:16:20
Metodo GET COMENTARIOS
Peticion de comentario recibida:  5/22/2016 21:19:53
Metodo GET COMENTARIOS
Peticion de comentario recibida:  5/22/2016 21:19:56
Metodo GET COMENTARIOS
Peticion de comentario recibida:  5/22/2016 21:20:6
Metodo GET COMENTARIOS
Peticion de Combo recibida:  5/22/2016 21:23:1
Metodo GET resumen
Peticion de estacion recibida:  5/22/2016 21:23:1
Metodo GET
Peticion de comentario recibida:  5/22/2016 21:25:18
Metodo GET COMENTARIOS
Peticion de comentario recibida:  5/22/2016 21:25:23
Metodo GET COMENTARIOS
Peticion de comentario recibida:  5/22/2016 21:25:25
Metodo GET COMENTARIOS
Peticion de comentario recibida:  5/22/2016 21:25:26
Metodo GET COMENTARIOS
Peticion de comentario recibida:  5/22/2016 21:25:26
Metodo GET COMENTARIOS
Peticion de comentario recibida:  5/22/2016 21:25:28
Metodo GET COMENTARIOS
Peticion de comentario recibida:  5/22/2016 21:25:42
Metodo GET COMENTARIOS
Peticion de comentario recibida:  5/22/2016 21:27:25
Metodo GET COMENTARIOS
Peticion de comentario recibida:  5/22/2016 21:27:27
Metodo GET COMENTARIOS
Peticion de comentario recibida:  5/22/2016 21:27:28
Metodo GET COMENTARIOS
Peticion de comentario recibida:  5/22/2016 21:27:30
Metodo GET COMENTARIOS
Peticion de comentario recibida:  5/22/2016 21:27:30
Metodo GET COMENTARIOS
Peticion de comentario recibida:  5/22/2016 21:29:56
Metodo GET COMENTARIOS
Peticion de sugerencias recibida:  5/22/2016 21:29:56
Metodo GET
Peticion de comentario recibida:  5/22/2016 21:29:58
Metodo GET COMENTARIOS
Peticion de sugerencias recibida:  5/22/2016 21:29:58
Metodo GET
Peticion de comentario recibida:  5/22/2016 21:29:59
Metodo GET COMENTARIOS
Peticion de sugerencias recibida:  5/22/2016 21:29:59
Metodo GET
Peticion de comentario recibida:  5/22/2016 21:30:2
Metodo GET COMENTARIOS
Peticion de sugerencias recibida:  5/22/2016 21:30:2
Metodo GET
Peticion de comentario recibida:  5/22/2016 21:30:55
Metodo GET COMENTARIOS
Peticion de sugerencias recibida:  5/22/2016 21:30:55
Metodo GET
Peticion de comentario recibida:  5/22/2016 21:31:5
Metodo GET COMENTARIOS
Peticion de sugerencias recibida:  5/22/2016 21:31:5
Metodo GET
Peticion de comentario recibida:  5/22/2016 21:32:3
Metodo GET COMENTARIOS
Peticion de sugerencias recibida:  5/22/2016 21:32:3
Metodo GET
Peticion de comentario recibida:  5/22/2016 21:32:50
Metodo GET COMENTARIOS
Peticion de sugerencias recibida:  5/22/2016 21:32:50
Metodo GET
Peticion de comentario recibida:  5/22/2016 21:35:23
Metodo GET COMENTARIOS
Peticion de sugerencias recibida:  5/22/2016 21:35:23
Metodo GET
Peticion de comentario recibida:  5/22/2016 21:35:31
Metodo GET COMENTARIOS
Peticion de sugerencias recibida:  5/22/2016 21:35:31
Metodo GET
Peticion de estacion recibida:  5/22/2016 21:35:40
Metodo GET
Peticion de Combo recibida:  5/22/2016 21:35:40
Metodo GET resumen
[0mGET http://www.google.ru/search?q=yandex [33m404 [0m18.069 ms - 1343[0m
Peticion de empresa recibida:  5/22/2016 22:52:41
Metodo GET CONTACT
Peticion de empresa recibida:  5/22/2016 22:52:41
Metodo GET ABOUT
Peticion de estacion recibida:  5/22/2016 23:3:53
Metodo GET
Peticion de vasos recibida:  5/22/2016 23:3:53
Metodo GET
Peticion de estacion recibida:  5/22/2016 23:3:53
Metodo GET
Peticion de vasos recibida:  5/22/2016 23:3:53
Metodo GET
Peticion de estacion recibida:  5/22/2016 23:4:29
Metodo GET
Peticion de vasos recibida:  5/22/2016 23:4:29
Metodo GET
Peticion de vasos recibida:  5/22/2016 23:4:29
Metodo GET
Peticion de estacion recibida:  5/22/2016 23:4:29
Metodo GET
Peticion de estacion recibida:  5/22/2016 23:4:50
Metodo POST
Peticion de estacion recibida:  5/22/2016 23:4:50
Metodo GET
Peticion de vasos recibida:  5/22/2016 23:5:43
Metodo GET
Peticion de estacion recibida:  5/22/2016 23:5:43
Metodo GET
Peticion de estacion recibida:  5/22/2016 23:5:43
Metodo GET
Peticion de vasos recibida:  5/22/2016 23:5:43
Metodo GET
Peticion de estacion recibida:  5/22/2016 23:5:51
Metodo POST
Peticion de estacion recibida:  5/22/2016 23:5:52
Metodo GET
Peticion de vasos recibida:  5/22/2016 23:8:25
Metodo GET
Peticion de estacion recibida:  5/22/2016 23:8:25
Metodo GET
Peticion de estacion recibida:  5/22/2016 23:8:25
Metodo GET
Peticion de vasos recibida:  5/22/2016 23:8:25
Metodo GET
Peticion de estacion recibida:  5/22/2016 23:8:46
Metodo GET
Peticion de vasos recibida:  5/22/2016 23:8:46
Metodo GET
Peticion de vasos recibida:  5/22/2016 23:8:46
Metodo GET
Peticion de estacion recibida:  5/22/2016 23:8:46
Metodo GET
Peticion de estacion recibida:  5/22/2016 23:10:33
Metodo GET
Peticion de vasos recibida:  5/22/2016 23:10:33
Metodo GET
Peticion de estacion recibida:  5/22/2016 23:10:33
Metodo GET
Peticion de vasos recibida:  5/22/2016 23:10:33
Metodo GET
Peticion de estacion recibida:  5/22/2016 23:10:43
Metodo POST
Peticion de estacion recibida:  5/22/2016 23:10:43
Metodo GET
Peticion de vasos recibida:  5/22/2016 23:12:34
Metodo GET
Peticion de estacion recibida:  5/22/2016 23:12:34
Metodo GET
Peticion de estacion recibida:  5/22/2016 23:12:34
Metodo GET
Peticion de vasos recibida:  5/22/2016 23:12:34
Metodo GET
Peticion de estacion recibida:  5/22/2016 23:12:57
Metodo GET
Peticion de estacion recibida:  5/22/2016 23:13:52
Metodo GET
Peticion de vasos recibida:  5/22/2016 23:13:52
Metodo GET
Peticion de estacion recibida:  5/22/2016 23:13:52
Metodo GET
Peticion de vasos recibida:  5/22/2016 23:13:53
Metodo GET
Peticion de estacion recibida:  5/22/2016 23:13:56
Metodo GET
Peticion de vasos recibida:  5/22/2016 23:14:14
Metodo GET
Peticion de estacion recibida:  5/22/2016 23:14:14
Metodo GET
Peticion de estacion recibida:  5/22/2016 23:14:14
Metodo GET
Peticion de vasos recibida:  5/22/2016 23:14:14
Metodo GET
Peticion de estacion recibida:  5/22/2016 23:14:21
Metodo GET
Peticion de estacion recibida:  5/22/2016 23:14:57
Metodo GET
Peticion de estacion recibida:  5/22/2016 23:14:57
Metodo GET
Peticion de vasos recibida:  5/22/2016 23:14:57
Metodo GET
Peticion de vasos recibida:  5/22/2016 23:14:57
Metodo GET
Peticion de estacion recibida:  5/22/2016 23:15:5
Metodo POST
Peticion de estacion recibida:  5/22/2016 23:15:5
Metodo GET
Peticion de vasos recibida:  5/22/2016 23:16:26
Metodo GET
Peticion de estacion recibida:  5/22/2016 23:16:26
Metodo GET
Peticion de estacion recibida:  5/22/2016 23:16:26
Metodo GET
Peticion de vasos recibida:  5/22/2016 23:16:26
Metodo GET
Peticion de estacion recibida:  5/22/2016 23:16:34
Metodo POST
Peticion de estacion recibida:  5/22/2016 23:16:34
Metodo GET
Peticion de estacion recibida:  5/22/2016 23:17:47
Metodo GET
Peticion de estacion recibida:  5/22/2016 23:17:47
Metodo GET
Peticion de vasos recibida:  5/22/2016 23:17:47
Metodo GET
Peticion de vasos recibida:  5/22/2016 23:17:47
Metodo GET
Peticion de estacion recibida:  5/22/2016 23:17:59
Metodo POST
Peticion de estacion recibida:  5/22/2016 23:17:59
Metodo GET
Peticion de vasos recibida:  5/22/2016 23:18:53
Metodo GET
Peticion de estacion recibida:  5/22/2016 23:18:53
Metodo GET
Peticion de estacion recibida:  5/22/2016 23:18:53
Metodo GET
Peticion de vasos recibida:  5/22/2016 23:18:53
Metodo GET
Peticion de estacion recibida:  5/22/2016 23:18:58
Metodo POST
Peticion de estacion recibida:  5/22/2016 23:18:59
Metodo GET
Peticion de estacion recibida:  5/22/2016 23:19:21
Metodo POST
Peticion de estacion recibida:  5/22/2016 23:19:21
Metodo GET
Peticion de vasos recibida:  5/22/2016 23:23:27
Metodo GET
Peticion de estacion recibida:  5/22/2016 23:23:27
Metodo GET
Peticion de vasos recibida:  5/22/2016 23:23:27
Metodo GET
Peticion de estacion recibida:  5/22/2016 23:23:27
Metodo GET
Peticion de estacion recibida:  5/22/2016 23:23:37
Metodo POST
Peticion de estacion recibida:  5/22/2016 23:23:37
Metodo GET
Peticion de vasos recibida:  5/22/2016 23:24:6
Metodo GET
Peticion de estacion recibida:  5/22/2016 23:24:6
Metodo GET
Peticion de estacion recibida:  5/22/2016 23:24:6
Metodo GET
Peticion de vasos recibida:  5/22/2016 23:24:6
Metodo GET
Peticion de estacion recibida:  5/22/2016 23:24:27
Metodo POST
Peticion de estacion recibida:  5/22/2016 23:24:27
Metodo GET
Peticion de usuarios recibida:  5/22/2016 23:29:23
Metodo GET
Peticion de usuarios recibida:  5/22/2016 23:29:30
Metodo GET
Peticion de estacion recibida:  5/22/2016 23:30:28
Metodo GET
Peticion de estacion recibida:  5/22/2016 23:31:50
Metodo POST
Peticion de estacion recibida:  5/22/2016 23:32:8
Metodo POST
Peticion de estacion recibida:  5/22/2016 23:32:16
Metodo GET
Peticion de vasos recibida:  5/22/2016 23:32:16
Metodo GET
Peticion de estacion recibida:  5/22/2016 23:32:16
Metodo GET
Peticion de vasos recibida:  5/22/2016 23:32:16
Metodo GET
Peticion de estacion recibida:  5/22/2016 23:33:16
Metodo POST
Peticion de estacion recibida:  5/22/2016 23:33:25
Metodo GET
Peticion de estacion recibida:  5/22/2016 23:33:25
Metodo GET
Peticion de vasos recibida:  5/22/2016 23:33:25
Metodo GET
Peticion de vasos recibida:  5/22/2016 23:33:25
Metodo GET
Peticion de estacion recibida:  5/22/2016 23:33:54
Metodo GET
Peticion de estacion recibida:  5/22/2016 23:34:20
Metodo POST
Peticion de estacion recibida:  5/22/2016 23:34:20
Metodo GET
[0mGET http://www.qunar.com/ [32m200 [0m9.241 ms - 447[0m
Peticion de empresa recibida:  5/23/2016 2:6:18
Metodo GET CONTACT
Peticion de usuarios recibida:  5/23/2016 3:5:37
Metodo POST LOGIN
Peticion de usuarios recibida:  5/23/2016 3:14:57
Metodo POST LOGIN
[0mGET http://testp1.piwo.pila.pl/testproxy.php [33m404 [0m7.871 ms - 1249[0m
[0mGET http://dhg.pisz.pl/httptest.php [33m404 [0m10.898 ms - 1249[0m
[0mGET http://www.google.pl/search?q=wp.pl&num=100&start=100 [33m404 [0m9.786 ms - 1343[0m
[0mGET http://testp1.piwo.pila.pl/testproxy.php [33m404 [0m11.017 ms - 1249[0m
[0mGET http://dhg.pisz.pl/httptest.php [33m404 [0m15.859 ms - 1249[0m
[0mGET http://www.google.pl/search?q=praca&num=100&start=100 [33m404 [0m9.336 ms - 1343[0m
[0mGET http://dhg.pisz.pl/httptest.php [33m404 [0m9.084 ms - 1249[0m
[0mGET http://www.google.pl/search?q=ostro%C5%82%C4%99ka&num=100&start=100 [33m404 [0m6.187 ms - 1343[0m
SERVER listening on port: 8888
Connected to the Database
SERVER listening on port: 8888
Connected to the Database
Peticion de Combo recibida:  5/25/2016 7:48:48
Lista
Completado
Peticion de comentario recibida:  5/25/2016 7:53:15
Lista
Completado
Peticion de comentario recibida:  5/25/2016 7:55:3
Lista
Completado
Peticion de empresa recibida:  5/25/2016 7:55:8
Acerca de
Completado
Peticion de empresa recibida:  5/25/2016 7:55:40
Contacto
Completado
Peticion de empresa recibida:  5/25/2016 7:56:27
Contacto
Completado
Peticion de ordenes recibida:  5/25/2016 8:3:34
Carrito
Completado
Peticion de ordenes recibida:  5/25/2016 8:4:26
Carrito
Completado
Peticion de Combo recibida:  5/25/2016 8:4:37
Lista
Completado
Peticion de Combo recibida:  5/25/2016 8:4:58
Lista
Completado
Peticion de ordenes recibida:  5/25/2016 8:5:8
Historial
Completado
Peticion de usuarios recibida:  5/25/2016 8:11:29
Login
Completado
Peticion de Combo recibida:  5/25/2016 8:11:29
Resumen
Peticion de estacion recibida:  5/25/2016 8:11:29
Lista
Completado
Completado
Peticion de estacion recibida:  5/25/2016 8:11:42
Lista
Peticion de vasos recibida:  5/25/2016 8:11:42
Lista
Completado
Completado
Peticion de estacion recibida:  5/25/2016 8:11:56
Editar
Completado
Peticion de estacion recibida:  5/25/2016 8:11:56
Lista
Completado
Peticion de estacion recibida:  5/25/2016 8:12:1
Editar
Completado
Peticion de estacion recibida:  5/25/2016 8:12:1
Lista
Completado
Peticion de estacion recibida:  5/25/2016 8:12:3
Nuevo
Completado
Peticion de estacion recibida:  5/25/2016 8:12:3
Lista
Completado
Peticion de estacion recibida:  5/25/2016 8:12:7
Borrar
Completado
Peticion de estacion recibida:  5/25/2016 8:12:7
Lista
Completado
Peticion de estacion recibida:  5/25/2016 8:12:11
Lista
Peticion de vasos recibida:  5/25/2016 8:12:11
Lista
Completado
Completado
Peticion de vasos recibida:  5/25/2016 8:12:17
Lista
Peticion de estacion recibida:  5/25/2016 8:12:17
Lista
Completado
Completado
Peticion de vasos recibida:  5/25/2016 8:12:26
Lista
Peticion de estacion recibida:  5/25/2016 8:12:26
Lista
Completado
Completado
Peticion de Combo recibida:  5/25/2016 8:12:26
Lista
Completado
Peticion de usuarios recibida:  5/25/2016 8:12:27
Lista
Completado
[0mGET /favicon.ico [33m404 [0m3049.334 ms - 1249[0m
Peticion de Combo recibida:  5/25/2016 8:13:2
Editar
Completado
Peticion de vasos recibida:  5/25/2016 8:13:2
Lista
Peticion de estacion recibida:  5/25/2016 8:13:2
Lista
Completado
Completado
Peticion de Combo recibida:  5/25/2016 8:13:2
Lista
Completado
Peticion de Combo recibida:  5/25/2016 8:13:4
Editar
Completado
Peticion de vasos recibida:  5/25/2016 8:13:4
Lista
Peticion de Combo recibida:  5/25/2016 8:13:4
Lista
Completado
Peticion de estacion recibida:  5/25/2016 8:13:4
Lista
Completado
Completado
Peticion de Combo recibida:  5/25/2016 8:13:12
Editar
Completado
Peticion de estacion recibida:  5/25/2016 8:13:12
Lista
Peticion de vasos recibida:  5/25/2016 8:13:12
Lista
Completado
Peticion de Combo recibida:  5/25/2016 8:13:12
Lista
Completado
Completado
Peticion de Combo recibida:  5/25/2016 8:13:16
Editar
Completado
Peticion de vasos recibida:  5/25/2016 8:13:16
Lista
Peticion de Combo recibida:  5/25/2016 8:13:16
Lista
Peticion de estacion recibida:  5/25/2016 8:13:16
Lista
Completado
Completado
Completado
Peticion de estacion recibida:  5/25/2016 8:13:31
Lista
Peticion de Combo recibida:  5/25/2016 8:13:31
Lista
Peticion de vasos recibida:  5/25/2016 8:13:31
Lista
Completado
Completado
Completado
Peticion de vasos recibida:  5/25/2016 8:14:16
Lista
Peticion de estacion recibida:  5/25/2016 8:14:16
Lista
Completado
Completado
Peticion de manga recibida:  5/25/2016 8:14:34
Editar
{ producto: { nombre: 'Kiwi', descripcion: 'verde' },
  capacidad: 0,
  disponible: 0,
  _id: '5744c1a3955472000a299da7' }
Peticion de estacion recibida:  5/25/2016 8:14:34
Lista
Completado
Peticion de manga recibida:  5/25/2016 8:14:51
Editar
{ producto: { nombre: 'Kiwi', descripcion: 'verde', oferta: 10 },
  capacidad: 1000,
  disponible: 1000,
  _id: '5744c1a3955472000a299da7' }
Peticion de estacion recibida:  5/25/2016 8:14:51
Lista
Completado
Peticion de manga recibida:  5/25/2016 8:15:16
Nuevo
Completado
Peticion de estacion recibida:  5/25/2016 8:15:16
Lista
Completado
Peticion de manga recibida:  5/25/2016 8:15:49
Editar
{ producto: { nombre: 'Mango', descripcion: 'con sal', oferta: 0 },
  capacidad: 20,
  disponible: 20,
  _id: '5745b374d61b805c0eb10ef9' }
Peticion de estacion recibida:  5/25/2016 8:15:49
Lista
Completado
Peticion de manga recibida:  5/25/2016 8:15:53
Borrar
Peticion de estacion recibida:  5/25/2016 8:15:53
Lista
Peticion de Combo recibida:  5/25/2016 8:16:23
Resumen
Peticion de estacion recibida:  5/25/2016 8:16:23
Lista
Completado
Peticion de estacion recibida:  5/25/2016 8:17:0
Lista
Peticion de vasos recibida:  5/25/2016 8:17:0
Lista
Completado
Peticion de estacion recibida:  5/25/2016 8:17:53
Lista
Peticion de estacion recibida:  5/25/2016 8:18:23
Lista
Peticion de estacion recibida:  5/25/2016 8:18:23
Lista
Peticion de estacion recibida:  5/25/2016 8:19:0
Lista
Peticion de estacion recibida:  5/25/2016 8:20:24
Lista
Peticion de estacion recibida:  5/25/2016 8:20:24
Lista
Peticion de estacion recibida:  5/25/2016 8:21:1
Lista
